mode: set
github.com/quantmind-br/repodocs-go/internal/cache/badger.go:18.57,21.19 2 0
github.com/quantmind-br/repodocs-go/internal/cache/badger.go:21.19,23.3 1 0
github.com/quantmind-br/repodocs-go/internal/cache/badger.go:23.8,24.27 1 0
github.com/quantmind-br/repodocs-go/internal/cache/badger.go:24.27,26.18 2 0
github.com/quantmind-br/repodocs-go/internal/cache/badger.go:26.18,28.5 1 0
github.com/quantmind-br/repodocs-go/internal/cache/badger.go:29.4,29.49 1 0
github.com/quantmind-br/repodocs-go/internal/cache/badger.go:33.3,33.59 1 0
github.com/quantmind-br/repodocs-go/internal/cache/badger.go:33.59,35.4 1 0
github.com/quantmind-br/repodocs-go/internal/cache/badger.go:37.3,37.53 1 0
github.com/quantmind-br/repodocs-go/internal/cache/badger.go:41.2,41.18 1 0
github.com/quantmind-br/repodocs-go/internal/cache/badger.go:41.18,43.3 1 0
github.com/quantmind-br/repodocs-go/internal/cache/badger.go:45.2,46.16 2 0
github.com/quantmind-br/repodocs-go/internal/cache/badger.go:46.16,48.3 1 0
github.com/quantmind-br/repodocs-go/internal/cache/badger.go:51.2,51.12 1 0
github.com/quantmind-br/repodocs-go/internal/cache/badger.go:51.12,54.22 3 0
github.com/quantmind-br/repodocs-go/internal/cache/badger.go:54.22,56.4 1 0
github.com/quantmind-br/repodocs-go/internal/cache/badger.go:59.2,59.34 1 0
github.com/quantmind-br/repodocs-go/internal/cache/badger.go:63.76,68.47 3 0
github.com/quantmind-br/repodocs-go/internal/cache/badger.go:68.47,70.17 2 0
github.com/quantmind-br/repodocs-go/internal/cache/badger.go:70.17,71.36 1 0
github.com/quantmind-br/repodocs-go/internal/cache/badger.go:71.36,73.5 1 0
github.com/quantmind-br/repodocs-go/internal/cache/badger.go:74.4,74.14 1 0
github.com/quantmind-br/repodocs-go/internal/cache/badger.go:77.3,78.13 2 0
github.com/quantmind-br/repodocs-go/internal/cache/badger.go:81.2,81.16 1 0
github.com/quantmind-br/repodocs-go/internal/cache/badger.go:81.16,83.3 1 0
github.com/quantmind-br/repodocs-go/internal/cache/badger.go:85.2,85.19 1 0
github.com/quantmind-br/repodocs-go/internal/cache/badger.go:89.99,93.49 2 0
github.com/quantmind-br/repodocs-go/internal/cache/badger.go:93.49,95.14 2 0
github.com/quantmind-br/repodocs-go/internal/cache/badger.go:95.14,97.4 1 0
github.com/quantmind-br/repodocs-go/internal/cache/badger.go:98.3,98.25 1 0
github.com/quantmind-br/repodocs-go/internal/cache/badger.go:103.65,106.47 2 0
github.com/quantmind-br/repodocs-go/internal/cache/badger.go:106.47,109.3 2 0
github.com/quantmind-br/repodocs-go/internal/cache/badger.go:111.2,111.19 1 0
github.com/quantmind-br/repodocs-go/internal/cache/badger.go:115.69,118.49 2 0
github.com/quantmind-br/repodocs-go/internal/cache/badger.go:118.49,120.3 1 0
github.com/quantmind-br/repodocs-go/internal/cache/badger.go:124.37,126.2 1 0
github.com/quantmind-br/repodocs-go/internal/cache/badger.go:129.37,131.2 1 0
github.com/quantmind-br/repodocs-go/internal/cache/badger.go:134.36,136.44 2 0
github.com/quantmind-br/repodocs-go/internal/cache/badger.go:136.44,142.42 5 0
github.com/quantmind-br/repodocs-go/internal/cache/badger.go:142.42,144.4 1 0
github.com/quantmind-br/repodocs-go/internal/cache/badger.go:145.3,145.13 1 0
github.com/quantmind-br/repodocs-go/internal/cache/badger.go:147.2,147.14 1 0
github.com/quantmind-br/repodocs-go/internal/cache/badger.go:151.54,158.2 2 0
github.com/quantmind-br/repodocs-go/internal/cache/interface.go:22.34,24.2 1 0
github.com/quantmind-br/repodocs-go/internal/cache/interface.go:27.37,29.19 2 0
github.com/quantmind-br/repodocs-go/internal/cache/interface.go:29.19,31.3 1 0
github.com/quantmind-br/repodocs-go/internal/cache/interface.go:32.2,32.18 1 0
github.com/quantmind-br/repodocs-go/internal/cache/interface.go:43.31,49.2 1 0
github.com/quantmind-br/repodocs-go/internal/cache/keys.go:13.40,17.2 3 1
github.com/quantmind-br/repodocs-go/internal/cache/keys.go:20.58,23.2 2 1
github.com/quantmind-br/repodocs-go/internal/cache/keys.go:26.44,28.16 2 1
github.com/quantmind-br/repodocs-go/internal/cache/keys.go:28.16,30.3 1 0
github.com/quantmind-br/repodocs-go/internal/cache/keys.go:33.2,33.20 1 1
github.com/quantmind-br/repodocs-go/internal/cache/keys.go:33.20,35.3 1 0
github.com/quantmind-br/repodocs-go/internal/cache/keys.go:38.2,42.46 2 1
github.com/quantmind-br/repodocs-go/internal/cache/keys.go:42.46,44.3 1 0
github.com/quantmind-br/repodocs-go/internal/cache/keys.go:47.2,47.18 1 1
github.com/quantmind-br/repodocs-go/internal/cache/keys.go:47.18,49.3 1 1
github.com/quantmind-br/repodocs-go/internal/cache/keys.go:49.8,51.3 1 1
github.com/quantmind-br/repodocs-go/internal/cache/keys.go:54.2,54.53 1 1
github.com/quantmind-br/repodocs-go/internal/cache/keys.go:54.53,56.3 1 0
github.com/quantmind-br/repodocs-go/internal/cache/keys.go:59.2,61.19 2 1
github.com/quantmind-br/repodocs-go/internal/cache/keys.go:73.33,75.2 1 1
github.com/quantmind-br/repodocs-go/internal/cache/keys.go:78.36,80.2 1 1
github.com/quantmind-br/repodocs-go/internal/cache/keys.go:83.37,85.2 1 1
github.com/quantmind-br/repodocs-go/internal/cache/badger.go:18.57,21.19 2 0
github.com/quantmind-br/repodocs-go/internal/cache/badger.go:21.19,23.3 1 0
github.com/quantmind-br/repodocs-go/internal/cache/badger.go:23.8,24.27 1 0
github.com/quantmind-br/repodocs-go/internal/cache/badger.go:24.27,26.18 2 0
github.com/quantmind-br/repodocs-go/internal/cache/badger.go:26.18,28.5 1 0
github.com/quantmind-br/repodocs-go/internal/cache/badger.go:29.4,29.49 1 0
github.com/quantmind-br/repodocs-go/internal/cache/badger.go:33.3,33.59 1 0
github.com/quantmind-br/repodocs-go/internal/cache/badger.go:33.59,35.4 1 0
github.com/quantmind-br/repodocs-go/internal/cache/badger.go:37.3,37.53 1 0
github.com/quantmind-br/repodocs-go/internal/cache/badger.go:41.2,41.18 1 0
github.com/quantmind-br/repodocs-go/internal/cache/badger.go:41.18,43.3 1 0
github.com/quantmind-br/repodocs-go/internal/cache/badger.go:45.2,46.16 2 0
github.com/quantmind-br/repodocs-go/internal/cache/badger.go:46.16,48.3 1 0
github.com/quantmind-br/repodocs-go/internal/cache/badger.go:51.2,51.12 1 0
github.com/quantmind-br/repodocs-go/internal/cache/badger.go:51.12,54.22 3 0
github.com/quantmind-br/repodocs-go/internal/cache/badger.go:54.22,56.4 1 0
github.com/quantmind-br/repodocs-go/internal/cache/badger.go:59.2,59.34 1 0
github.com/quantmind-br/repodocs-go/internal/cache/badger.go:63.76,68.47 3 0
github.com/quantmind-br/repodocs-go/internal/cache/badger.go:68.47,70.17 2 0
github.com/quantmind-br/repodocs-go/internal/cache/badger.go:70.17,71.36 1 0
github.com/quantmind-br/repodocs-go/internal/cache/badger.go:71.36,73.5 1 0
github.com/quantmind-br/repodocs-go/internal/cache/badger.go:74.4,74.14 1 0
github.com/quantmind-br/repodocs-go/internal/cache/badger.go:77.3,78.13 2 0
github.com/quantmind-br/repodocs-go/internal/cache/badger.go:81.2,81.16 1 0
github.com/quantmind-br/repodocs-go/internal/cache/badger.go:81.16,83.3 1 0
github.com/quantmind-br/repodocs-go/internal/cache/badger.go:85.2,85.19 1 0
github.com/quantmind-br/repodocs-go/internal/cache/badger.go:89.99,93.49 2 0
github.com/quantmind-br/repodocs-go/internal/cache/badger.go:93.49,95.14 2 0
github.com/quantmind-br/repodocs-go/internal/cache/badger.go:95.14,97.4 1 0
github.com/quantmind-br/repodocs-go/internal/cache/badger.go:98.3,98.25 1 0
github.com/quantmind-br/repodocs-go/internal/cache/badger.go:103.65,106.47 2 0
github.com/quantmind-br/repodocs-go/internal/cache/badger.go:106.47,109.3 2 0
github.com/quantmind-br/repodocs-go/internal/cache/badger.go:111.2,111.19 1 0
github.com/quantmind-br/repodocs-go/internal/cache/badger.go:115.69,118.49 2 0
github.com/quantmind-br/repodocs-go/internal/cache/badger.go:118.49,120.3 1 0
github.com/quantmind-br/repodocs-go/internal/cache/badger.go:124.37,126.2 1 0
github.com/quantmind-br/repodocs-go/internal/cache/badger.go:129.37,131.2 1 0
github.com/quantmind-br/repodocs-go/internal/cache/badger.go:134.36,136.44 2 0
github.com/quantmind-br/repodocs-go/internal/cache/badger.go:136.44,142.42 5 0
github.com/quantmind-br/repodocs-go/internal/cache/badger.go:142.42,144.4 1 0
github.com/quantmind-br/repodocs-go/internal/cache/badger.go:145.3,145.13 1 0
github.com/quantmind-br/repodocs-go/internal/cache/badger.go:147.2,147.14 1 0
github.com/quantmind-br/repodocs-go/internal/cache/badger.go:151.54,158.2 2 0
github.com/quantmind-br/repodocs-go/internal/cache/interface.go:22.34,24.2 1 0
github.com/quantmind-br/repodocs-go/internal/cache/interface.go:27.37,29.19 2 0
github.com/quantmind-br/repodocs-go/internal/cache/interface.go:29.19,31.3 1 0
github.com/quantmind-br/repodocs-go/internal/cache/interface.go:32.2,32.18 1 0
github.com/quantmind-br/repodocs-go/internal/cache/interface.go:43.31,49.2 1 0
github.com/quantmind-br/repodocs-go/internal/cache/keys.go:13.40,17.2 3 0
github.com/quantmind-br/repodocs-go/internal/cache/keys.go:20.58,23.2 2 0
github.com/quantmind-br/repodocs-go/internal/cache/keys.go:26.44,28.16 2 0
github.com/quantmind-br/repodocs-go/internal/cache/keys.go:28.16,30.3 1 0
github.com/quantmind-br/repodocs-go/internal/cache/keys.go:33.2,33.20 1 0
github.com/quantmind-br/repodocs-go/internal/cache/keys.go:33.20,35.3 1 0
github.com/quantmind-br/repodocs-go/internal/cache/keys.go:38.2,42.46 2 0
github.com/quantmind-br/repodocs-go/internal/cache/keys.go:42.46,44.3 1 0
github.com/quantmind-br/repodocs-go/internal/cache/keys.go:47.2,47.18 1 0
github.com/quantmind-br/repodocs-go/internal/cache/keys.go:47.18,49.3 1 0
github.com/quantmind-br/repodocs-go/internal/cache/keys.go:49.8,51.3 1 0
github.com/quantmind-br/repodocs-go/internal/cache/keys.go:54.2,54.53 1 0
github.com/quantmind-br/repodocs-go/internal/cache/keys.go:54.53,56.3 1 0
github.com/quantmind-br/repodocs-go/internal/cache/keys.go:59.2,61.19 2 0
github.com/quantmind-br/repodocs-go/internal/cache/keys.go:73.33,75.2 1 0
github.com/quantmind-br/repodocs-go/internal/cache/keys.go:78.36,80.2 1 0
github.com/quantmind-br/repodocs-go/internal/cache/keys.go:83.37,85.2 1 0
