mode: set
github.com/quantmind-br/repodocs-go/internal/strategies/crawler.go:30.62,38.2 1 0
github.com/quantmind-br/repodocs-go/internal/strategies/crawler.go:41.41,43.2 1 0
github.com/quantmind-br/repodocs-go/internal/strategies/crawler.go:46.54,48.2 1 0
github.com/quantmind-br/repodocs-go/internal/strategies/crawler.go:51.88,55.26 2 0
github.com/quantmind-br/repodocs-go/internal/strategies/crawler.go:55.26,57.3 1 0
github.com/quantmind-br/repodocs-go/internal/strategies/crawler.go:60.2,66.39 5 0
github.com/quantmind-br/repodocs-go/internal/strategies/crawler.go:66.39,67.53 1 0
github.com/quantmind-br/repodocs-go/internal/strategies/crawler.go:67.53,69.4 1 0
github.com/quantmind-br/repodocs-go/internal/strategies/crawler.go:73.2,96.49 5 0
github.com/quantmind-br/repodocs-go/internal/strategies/crawler.go:96.49,98.17 2 0
github.com/quantmind-br/repodocs-go/internal/strategies/crawler.go:98.17,100.4 1 0
github.com/quantmind-br/repodocs-go/internal/strategies/crawler.go:103.3,103.37 1 0
github.com/quantmind-br/repodocs-go/internal/strategies/crawler.go:103.37,105.4 1 0
github.com/quantmind-br/repodocs-go/internal/strategies/crawler.go:108.3,108.70 1 0
github.com/quantmind-br/repodocs-go/internal/strategies/crawler.go:108.70,110.4 1 0
github.com/quantmind-br/repodocs-go/internal/strategies/crawler.go:113.3,113.37 1 0
github.com/quantmind-br/repodocs-go/internal/strategies/crawler.go:113.37,114.28 1 0
github.com/quantmind-br/repodocs-go/internal/strategies/crawler.go:114.28,116.5 1 0
github.com/quantmind-br/repodocs-go/internal/strategies/crawler.go:120.3,121.53 2 0
github.com/quantmind-br/repodocs-go/internal/strategies/crawler.go:121.53,124.4 2 0
github.com/quantmind-br/repodocs-go/internal/strategies/crawler.go:125.3,128.59 2 0
github.com/quantmind-br/repodocs-go/internal/strategies/crawler.go:128.59,130.4 1 0
github.com/quantmind-br/repodocs-go/internal/strategies/crawler.go:133.3,133.28 1 0
github.com/quantmind-br/repodocs-go/internal/strategies/crawler.go:137.2,137.39 1 0
github.com/quantmind-br/repodocs-go/internal/strategies/crawler.go:137.39,139.10 1 0
github.com/quantmind-br/repodocs-go/internal/strategies/crawler.go:140.21,141.10 1 0
github.com/quantmind-br/repodocs-go/internal/strategies/crawler.go:142.11,142.11 0 0
github.com/quantmind-br/repodocs-go/internal/strategies/crawler.go:146.3,147.38 2 0
github.com/quantmind-br/repodocs-go/internal/strategies/crawler.go:147.38,149.4 1 0
github.com/quantmind-br/repodocs-go/internal/strategies/crawler.go:152.3,153.53 2 0
github.com/quantmind-br/repodocs-go/internal/strategies/crawler.go:153.53,156.4 2 0
github.com/quantmind-br/repodocs-go/internal/strategies/crawler.go:157.3,163.61 4 0
github.com/quantmind-br/repodocs-go/internal/strategies/crawler.go:163.61,165.4 1 0
github.com/quantmind-br/repodocs-go/internal/strategies/crawler.go:168.3,171.55 2 0
github.com/quantmind-br/repodocs-go/internal/strategies/crawler.go:171.55,172.25 1 0
github.com/quantmind-br/repodocs-go/internal/strategies/crawler.go:172.25,178.19 2 0
github.com/quantmind-br/repodocs-go/internal/strategies/crawler.go:178.19,180.6 1 0
github.com/quantmind-br/repodocs-go/internal/strategies/crawler.go:185.3,186.17 2 0
github.com/quantmind-br/repodocs-go/internal/strategies/crawler.go:186.17,189.4 2 0
github.com/quantmind-br/repodocs-go/internal/strategies/crawler.go:192.3,196.19 3 0
github.com/quantmind-br/repodocs-go/internal/strategies/crawler.go:196.19,197.51 1 0
github.com/quantmind-br/repodocs-go/internal/strategies/crawler.go:197.51,199.5 1 0
github.com/quantmind-br/repodocs-go/internal/strategies/crawler.go:204.2,204.47 1 0
github.com/quantmind-br/repodocs-go/internal/strategies/crawler.go:204.47,206.3 1 0
github.com/quantmind-br/repodocs-go/internal/strategies/crawler.go:209.2,209.37 1 0
github.com/quantmind-br/repodocs-go/internal/strategies/crawler.go:209.37,211.3 1 0
github.com/quantmind-br/repodocs-go/internal/strategies/crawler.go:214.2,215.12 2 0
github.com/quantmind-br/repodocs-go/internal/strategies/crawler.go:215.12,218.3 2 0
github.com/quantmind-br/repodocs-go/internal/strategies/crawler.go:220.2,220.9 1 0
github.com/quantmind-br/repodocs-go/internal/strategies/crawler.go:221.20,222.19 1 0
github.com/quantmind-br/repodocs-go/internal/strategies/crawler.go:223.14,223.14 0 0
github.com/quantmind-br/repodocs-go/internal/strategies/crawler.go:226.2,227.12 2 0
github.com/quantmind-br/repodocs-go/internal/strategies/crawler.go:231.49,232.23 1 0
github.com/quantmind-br/repodocs-go/internal/strategies/crawler.go:232.23,234.3 1 0
github.com/quantmind-br/repodocs-go/internal/strategies/crawler.go:235.2,237.47 2 0
github.com/quantmind-br/repodocs-go/internal/strategies/git.go:59.54,65.70 1 1
github.com/quantmind-br/repodocs-go/internal/strategies/git.go:65.70,66.23 1 0
github.com/quantmind-br/repodocs-go/internal/strategies/git.go:66.23,68.6 1 0
github.com/quantmind-br/repodocs-go/internal/strategies/git.go:69.5,69.15 1 0
github.com/quantmind-br/repodocs-go/internal/strategies/git.go:76.37,78.2 1 1
github.com/quantmind-br/repodocs-go/internal/strategies/git.go:81.50,87.2 1 1
github.com/quantmind-br/repodocs-go/internal/strategies/git.go:91.84,96.16 3 0
github.com/quantmind-br/repodocs-go/internal/strategies/git.go:96.16,98.3 1 0
github.com/quantmind-br/repodocs-go/internal/strategies/git.go:99.2,103.16 3 0
github.com/quantmind-br/repodocs-go/internal/strategies/git.go:103.16,107.17 3 0
github.com/quantmind-br/repodocs-go/internal/strategies/git.go:107.17,109.4 1 0
github.com/quantmind-br/repodocs-go/internal/strategies/git.go:110.3,110.19 1 0
github.com/quantmind-br/repodocs-go/internal/strategies/git.go:113.2,120.16 3 0
github.com/quantmind-br/repodocs-go/internal/strategies/git.go:120.16,122.3 1 0
github.com/quantmind-br/repodocs-go/internal/strategies/git.go:124.2,127.47 2 0
github.com/quantmind-br/repodocs-go/internal/strategies/git.go:127.47,129.3 1 0
github.com/quantmind-br/repodocs-go/internal/strategies/git.go:132.2,132.62 1 0
github.com/quantmind-br/repodocs-go/internal/strategies/git.go:144.119,146.36 1 0
github.com/quantmind-br/repodocs-go/internal/strategies/git.go:146.36,148.3 1 0
github.com/quantmind-br/repodocs-go/internal/strategies/git.go:151.2,152.16 2 0
github.com/quantmind-br/repodocs-go/internal/strategies/git.go:152.16,154.3 1 0
github.com/quantmind-br/repodocs-go/internal/strategies/git.go:157.2,158.16 2 0
github.com/quantmind-br/repodocs-go/internal/strategies/git.go:158.16,161.3 2 0
github.com/quantmind-br/repodocs-go/internal/strategies/git.go:164.2,168.71 3 0
github.com/quantmind-br/repodocs-go/internal/strategies/git.go:168.71,170.23 1 0
github.com/quantmind-br/repodocs-go/internal/strategies/git.go:170.23,173.75 3 0
github.com/quantmind-br/repodocs-go/internal/strategies/git.go:173.75,175.5 1 0
github.com/quantmind-br/repodocs-go/internal/strategies/git.go:177.3,177.21 1 0
github.com/quantmind-br/repodocs-go/internal/strategies/git.go:180.2,180.31 1 0
github.com/quantmind-br/repodocs-go/internal/strategies/git.go:184.66,194.29 2 0
github.com/quantmind-br/repodocs-go/internal/strategies/git.go:194.29,195.68 1 0
github.com/quantmind-br/repodocs-go/internal/strategies/git.go:195.68,201.4 1 0
github.com/quantmind-br/repodocs-go/internal/strategies/git.go:204.2,204.63 1 0
github.com/quantmind-br/repodocs-go/internal/strategies/git.go:208.92,211.16 3 0
github.com/quantmind-br/repodocs-go/internal/strategies/git.go:211.16,213.3 1 0
github.com/quantmind-br/repodocs-go/internal/strategies/git.go:216.2,217.21 2 0
github.com/quantmind-br/repodocs-go/internal/strategies/git.go:217.21,219.50 2 0
github.com/quantmind-br/repodocs-go/internal/strategies/git.go:219.50,222.23 2 0
github.com/quantmind-br/repodocs-go/internal/strategies/git.go:222.23,226.5 2 0
github.com/quantmind-br/repodocs-go/internal/strategies/git.go:230.2,230.61 1 0
github.com/quantmind-br/repodocs-go/internal/strategies/git.go:234.77,235.23 1 0
github.com/quantmind-br/repodocs-go/internal/strategies/git.go:236.16,238.34 1 0
github.com/quantmind-br/repodocs-go/internal/strategies/git.go:239.16,241.53 1 0
github.com/quantmind-br/repodocs-go/internal/strategies/git.go:242.19,244.34 1 0
github.com/quantmind-br/repodocs-go/internal/strategies/git.go:245.10,248.34 1 0
github.com/quantmind-br/repodocs-go/internal/strategies/git.go:253.97,255.16 2 0
github.com/quantmind-br/repodocs-go/internal/strategies/git.go:255.16,257.3 1 0
github.com/quantmind-br/repodocs-go/internal/strategies/git.go:260.2,260.53 1 0
github.com/quantmind-br/repodocs-go/internal/strategies/git.go:260.53,262.3 1 0
github.com/quantmind-br/repodocs-go/internal/strategies/git.go:264.2,265.16 2 0
github.com/quantmind-br/repodocs-go/internal/strategies/git.go:265.16,267.3 1 0
github.com/quantmind-br/repodocs-go/internal/strategies/git.go:268.2,270.44 2 0
github.com/quantmind-br/repodocs-go/internal/strategies/git.go:270.44,272.3 1 0
github.com/quantmind-br/repodocs-go/internal/strategies/git.go:273.2,273.48 1 0
github.com/quantmind-br/repodocs-go/internal/strategies/git.go:273.48,275.3 1 0
github.com/quantmind-br/repodocs-go/internal/strategies/git.go:276.2,276.38 1 0
github.com/quantmind-br/repodocs-go/internal/strategies/git.go:276.38,278.3 1 0
github.com/quantmind-br/repodocs-go/internal/strategies/git.go:280.2,280.43 1 0
github.com/quantmind-br/repodocs-go/internal/strategies/git.go:284.71,286.16 2 0
github.com/quantmind-br/repodocs-go/internal/strategies/git.go:286.16,288.3 1 0
github.com/quantmind-br/repodocs-go/internal/strategies/git.go:289.2,293.6 3 0
github.com/quantmind-br/repodocs-go/internal/strategies/git.go:293.6,295.20 2 0
github.com/quantmind-br/repodocs-go/internal/strategies/git.go:295.20,296.9 1 0
github.com/quantmind-br/repodocs-go/internal/strategies/git.go:298.3,298.17 1 0
github.com/quantmind-br/repodocs-go/internal/strategies/git.go:298.17,300.4 1 0
github.com/quantmind-br/repodocs-go/internal/strategies/git.go:303.3,304.39 2 0
github.com/quantmind-br/repodocs-go/internal/strategies/git.go:304.39,305.12 1 0
github.com/quantmind-br/repodocs-go/internal/strategies/git.go:307.3,312.78 3 0
github.com/quantmind-br/repodocs-go/internal/strategies/git.go:312.78,313.12 1 0
github.com/quantmind-br/repodocs-go/internal/strategies/git.go:316.3,316.26 1 0
github.com/quantmind-br/repodocs-go/internal/strategies/git.go:317.20,318.56 1 0
github.com/quantmind-br/repodocs-go/internal/strategies/git.go:318.56,320.5 1 0
github.com/quantmind-br/repodocs-go/internal/strategies/git.go:321.20,322.70 1 0
github.com/quantmind-br/repodocs-go/internal/strategies/git.go:322.70,324.5 1 0
github.com/quantmind-br/repodocs-go/internal/strategies/git.go:326.4,327.18 2 0
github.com/quantmind-br/repodocs-go/internal/strategies/git.go:327.18,329.5 1 0
github.com/quantmind-br/repodocs-go/internal/strategies/git.go:331.4,331.44 1 0
github.com/quantmind-br/repodocs-go/internal/strategies/git.go:331.44,334.5 2 0
github.com/quantmind-br/repodocs-go/internal/strategies/git.go:335.4,335.13 1 0
github.com/quantmind-br/repodocs-go/internal/strategies/git.go:339.2,339.12 1 0
github.com/quantmind-br/repodocs-go/internal/strategies/git.go:343.97,353.53 3 0
github.com/quantmind-br/repodocs-go/internal/strategies/git.go:353.53,358.3 1 0
github.com/quantmind-br/repodocs-go/internal/strategies/git.go:360.2,361.16 2 0
github.com/quantmind-br/repodocs-go/internal/strategies/git.go:361.16,363.3 1 0
github.com/quantmind-br/repodocs-go/internal/strategies/git.go:366.2,367.16 2 0
github.com/quantmind-br/repodocs-go/internal/strategies/git.go:367.16,369.48 2 0
github.com/quantmind-br/repodocs-go/internal/strategies/git.go:369.48,371.4 1 0
github.com/quantmind-br/repodocs-go/internal/strategies/git.go:374.2,374.20 1 0
github.com/quantmind-br/repodocs-go/internal/strategies/git.go:378.76,380.81 2 0
github.com/quantmind-br/repodocs-go/internal/strategies/git.go:380.81,381.17 1 0
github.com/quantmind-br/repodocs-go/internal/strategies/git.go:381.17,383.4 1 0
github.com/quantmind-br/repodocs-go/internal/strategies/git.go:386.3,386.16 1 0
github.com/quantmind-br/repodocs-go/internal/strategies/git.go:386.16,387.28 1 0
github.com/quantmind-br/repodocs-go/internal/strategies/git.go:387.28,389.5 1 0
github.com/quantmind-br/repodocs-go/internal/strategies/git.go:390.4,390.14 1 0
github.com/quantmind-br/repodocs-go/internal/strategies/git.go:394.3,395.30 2 0
github.com/quantmind-br/repodocs-go/internal/strategies/git.go:395.30,397.4 1 0
github.com/quantmind-br/repodocs-go/internal/strategies/git.go:399.3,399.13 1 0
github.com/quantmind-br/repodocs-go/internal/strategies/git.go:402.2,402.19 1 0
github.com/quantmind-br/repodocs-go/internal/strategies/git.go:406.125,414.109 2 0
github.com/quantmind-br/repodocs-go/internal/strategies/git.go:414.109,417.81 2 0
github.com/quantmind-br/repodocs-go/internal/strategies/git.go:417.81,419.4 1 0
github.com/quantmind-br/repodocs-go/internal/strategies/git.go:420.3,420.13 1 0
github.com/quantmind-br/repodocs-go/internal/strategies/git.go:424.2,424.49 1 0
github.com/quantmind-br/repodocs-go/internal/strategies/git.go:424.49,426.3 1 0
github.com/quantmind-br/repodocs-go/internal/strategies/git.go:428.2,429.12 2 0
github.com/quantmind-br/repodocs-go/internal/strategies/git.go:433.114,436.16 2 0
github.com/quantmind-br/repodocs-go/internal/strategies/git.go:436.16,438.3 1 0
github.com/quantmind-br/repodocs-go/internal/strategies/git.go:441.2,441.33 1 0
github.com/quantmind-br/repodocs-go/internal/strategies/git.go:441.33,443.3 1 0
github.com/quantmind-br/repodocs-go/internal/strategies/git.go:446.2,465.18 6 0
github.com/quantmind-br/repodocs-go/internal/strategies/git.go:465.18,468.3 1 0
github.com/quantmind-br/repodocs-go/internal/strategies/git.go:471.2,471.18 1 0
github.com/quantmind-br/repodocs-go/internal/strategies/git.go:471.18,473.3 1 0
github.com/quantmind-br/repodocs-go/internal/strategies/git.go:475.2,475.12 1 0
github.com/quantmind-br/repodocs-go/internal/strategies/git.go:479.47,490.19 6 0
github.com/quantmind-br/repodocs-go/internal/strategies/git.go:490.19,492.3 1 0
github.com/quantmind-br/repodocs-go/internal/strategies/git.go:494.2,494.13 1 0
github.com/quantmind-br/repodocs-go/internal/strategies/llms.go:26.56,33.2 1 0
github.com/quantmind-br/repodocs-go/internal/strategies/llms.go:36.38,38.2 1 0
github.com/quantmind-br/repodocs-go/internal/strategies/llms.go:41.51,43.2 1 0
github.com/quantmind-br/repodocs-go/internal/strategies/llms.go:46.85,51.16 3 0
github.com/quantmind-br/repodocs-go/internal/strategies/llms.go:51.16,53.3 1 0
github.com/quantmind-br/repodocs-go/internal/strategies/llms.go:56.2,60.47 3 0
github.com/quantmind-br/repodocs-go/internal/strategies/llms.go:60.47,62.3 1 0
github.com/quantmind-br/repodocs-go/internal/strategies/llms.go:65.2,72.118 2 0
github.com/quantmind-br/repodocs-go/internal/strategies/llms.go:72.118,76.47 2 0
github.com/quantmind-br/repodocs-go/internal/strategies/llms.go:76.47,78.4 1 0
github.com/quantmind-br/repodocs-go/internal/strategies/llms.go:81.3,82.17 2 0
github.com/quantmind-br/repodocs-go/internal/strategies/llms.go:82.17,85.4 2 0
github.com/quantmind-br/repodocs-go/internal/strategies/llms.go:88.3,89.17 2 0
github.com/quantmind-br/repodocs-go/internal/strategies/llms.go:89.17,92.4 2 0
github.com/quantmind-br/repodocs-go/internal/strategies/llms.go:95.3,100.42 4 0
github.com/quantmind-br/repodocs-go/internal/strategies/llms.go:100.42,102.4 1 0
github.com/quantmind-br/repodocs-go/internal/strategies/llms.go:105.3,105.19 1 0
github.com/quantmind-br/repodocs-go/internal/strategies/llms.go:105.19,106.51 1 0
github.com/quantmind-br/repodocs-go/internal/strategies/llms.go:106.51,109.5 2 0
github.com/quantmind-br/repodocs-go/internal/strategies/llms.go:112.3,112.13 1 0
github.com/quantmind-br/repodocs-go/internal/strategies/llms.go:116.2,116.49 1 0
github.com/quantmind-br/repodocs-go/internal/strategies/llms.go:116.49,118.3 1 0
github.com/quantmind-br/repodocs-go/internal/strategies/llms.go:120.2,121.12 2 0
github.com/quantmind-br/repodocs-go/internal/strategies/llms.go:128.55,132.32 3 0
github.com/quantmind-br/repodocs-go/internal/strategies/llms.go:132.32,133.22 1 0
github.com/quantmind-br/repodocs-go/internal/strategies/llms.go:133.22,138.48 3 0
github.com/quantmind-br/repodocs-go/internal/strategies/llms.go:138.48,139.13 1 0
github.com/quantmind-br/repodocs-go/internal/strategies/llms.go:142.4,145.6 1 0
github.com/quantmind-br/repodocs-go/internal/strategies/llms.go:149.2,149.14 1 0
github.com/quantmind-br/repodocs-go/internal/strategies/pkggo.go:24.58,31.2 1 0
github.com/quantmind-br/repodocs-go/internal/strategies/pkggo.go:34.39,36.2 1 0
github.com/quantmind-br/repodocs-go/internal/strategies/pkggo.go:39.52,41.2 1 0
github.com/quantmind-br/repodocs-go/internal/strategies/pkggo.go:44.86,49.16 3 0
github.com/quantmind-br/repodocs-go/internal/strategies/pkggo.go:49.16,51.3 1 0
github.com/quantmind-br/repodocs-go/internal/strategies/pkggo.go:54.2,55.16 2 0
github.com/quantmind-br/repodocs-go/internal/strategies/pkggo.go:55.16,57.3 1 0
github.com/quantmind-br/repodocs-go/internal/strategies/pkggo.go:60.2,64.16 3 0
github.com/quantmind-br/repodocs-go/internal/strategies/pkggo.go:64.16,66.3 1 0
github.com/quantmind-br/repodocs-go/internal/strategies/pkggo.go:69.2,70.27 2 0
github.com/quantmind-br/repodocs-go/internal/strategies/pkggo.go:70.27,73.3 1 0
github.com/quantmind-br/repodocs-go/internal/strategies/pkggo.go:75.2,76.16 2 0
github.com/quantmind-br/repodocs-go/internal/strategies/pkggo.go:76.16,78.3 1 0
github.com/quantmind-br/repodocs-go/internal/strategies/pkggo.go:81.2,82.16 2 0
github.com/quantmind-br/repodocs-go/internal/strategies/pkggo.go:82.16,84.3 1 0
github.com/quantmind-br/repodocs-go/internal/strategies/pkggo.go:87.2,93.18 5 0
github.com/quantmind-br/repodocs-go/internal/strategies/pkggo.go:93.18,95.3 1 0
github.com/quantmind-br/repodocs-go/internal/strategies/pkggo.go:97.2,97.12 1 0
github.com/quantmind-br/repodocs-go/internal/strategies/pkggo.go:101.134,114.35 2 0
github.com/quantmind-br/repodocs-go/internal/strategies/pkggo.go:114.35,115.10 1 0
github.com/quantmind-br/repodocs-go/internal/strategies/pkggo.go:116.21,117.20 1 0
github.com/quantmind-br/repodocs-go/internal/strategies/pkggo.go:118.11,118.11 0 0
github.com/quantmind-br/repodocs-go/internal/strategies/pkggo.go:121.3,122.28 2 0
github.com/quantmind-br/repodocs-go/internal/strategies/pkggo.go:122.28,123.12 1 0
github.com/quantmind-br/repodocs-go/internal/strategies/pkggo.go:127.3,128.17 2 0
github.com/quantmind-br/repodocs-go/internal/strategies/pkggo.go:128.17,129.12 1 0
github.com/quantmind-br/repodocs-go/internal/strategies/pkggo.go:133.3,133.43 1 0
github.com/quantmind-br/repodocs-go/internal/strategies/pkggo.go:133.43,134.12 1 0
github.com/quantmind-br/repodocs-go/internal/strategies/pkggo.go:138.3,142.17 3 0
github.com/quantmind-br/repodocs-go/internal/strategies/pkggo.go:142.17,144.12 2 0
github.com/quantmind-br/repodocs-go/internal/strategies/pkggo.go:148.3,153.19 4 0
github.com/quantmind-br/repodocs-go/internal/strategies/pkggo.go:153.19,154.56 1 0
github.com/quantmind-br/repodocs-go/internal/strategies/pkggo.go:154.56,156.5 1 0
github.com/quantmind-br/repodocs-go/internal/strategies/pkggo.go:160.2,161.12 2 0
github.com/quantmind-br/repodocs-go/internal/strategies/sitemap.go:31.62,39.2 1 0
github.com/quantmind-br/repodocs-go/internal/strategies/sitemap.go:42.41,44.2 1 0
github.com/quantmind-br/repodocs-go/internal/strategies/sitemap.go:47.54,52.2 2 0
github.com/quantmind-br/repodocs-go/internal/strategies/sitemap.go:55.88,60.16 3 0
github.com/quantmind-br/repodocs-go/internal/strategies/sitemap.go:60.16,62.3 1 0
github.com/quantmind-br/repodocs-go/internal/strategies/sitemap.go:65.2,66.52 2 0
github.com/quantmind-br/repodocs-go/internal/strategies/sitemap.go:66.52,68.17 2 0
github.com/quantmind-br/repodocs-go/internal/strategies/sitemap.go:68.17,70.4 1 0
github.com/quantmind-br/repodocs-go/internal/strategies/sitemap.go:74.2,75.16 2 0
github.com/quantmind-br/repodocs-go/internal/strategies/sitemap.go:75.16,77.3 1 0
github.com/quantmind-br/repodocs-go/internal/strategies/sitemap.go:80.2,80.21 1 0
github.com/quantmind-br/repodocs-go/internal/strategies/sitemap.go:80.21,82.3 1 0
github.com/quantmind-br/repodocs-go/internal/strategies/sitemap.go:85.2,89.46 3 0
github.com/quantmind-br/repodocs-go/internal/strategies/sitemap.go:89.46,91.3 1 0
github.com/quantmind-br/repodocs-go/internal/strategies/sitemap.go:93.2,103.125 3 0
github.com/quantmind-br/repodocs-go/internal/strategies/sitemap.go:103.125,107.53 2 0
github.com/quantmind-br/repodocs-go/internal/strategies/sitemap.go:107.53,109.4 1 0
github.com/quantmind-br/repodocs-go/internal/strategies/sitemap.go:112.3,116.17 4 0
github.com/quantmind-br/repodocs-go/internal/strategies/sitemap.go:116.17,119.4 2 0
github.com/quantmind-br/repodocs-go/internal/strategies/sitemap.go:120.3,124.55 3 0
github.com/quantmind-br/repodocs-go/internal/strategies/sitemap.go:124.55,125.25 1 0
github.com/quantmind-br/repodocs-go/internal/strategies/sitemap.go:125.25,131.19 2 0
github.com/quantmind-br/repodocs-go/internal/strategies/sitemap.go:131.19,133.6 1 0
github.com/quantmind-br/repodocs-go/internal/strategies/sitemap.go:138.3,139.17 2 0
github.com/quantmind-br/repodocs-go/internal/strategies/sitemap.go:139.17,142.4 2 0
github.com/quantmind-br/repodocs-go/internal/strategies/sitemap.go:145.3,150.19 4 0
github.com/quantmind-br/repodocs-go/internal/strategies/sitemap.go:150.19,151.51 1 0
github.com/quantmind-br/repodocs-go/internal/strategies/sitemap.go:151.51,154.5 2 0
github.com/quantmind-br/repodocs-go/internal/strategies/sitemap.go:157.3,157.13 1 0
github.com/quantmind-br/repodocs-go/internal/strategies/sitemap.go:160.2,160.49 1 0
github.com/quantmind-br/repodocs-go/internal/strategies/sitemap.go:160.49,162.3 1 0
github.com/quantmind-br/repodocs-go/internal/strategies/sitemap.go:164.2,165.12 2 0
github.com/quantmind-br/repodocs-go/internal/strategies/sitemap.go:169.113,172.46 2 0
github.com/quantmind-br/repodocs-go/internal/strategies/sitemap.go:172.46,173.10 1 0
github.com/quantmind-br/repodocs-go/internal/strategies/sitemap.go:174.21,175.20 1 0
github.com/quantmind-br/repodocs-go/internal/strategies/sitemap.go:176.11,176.11 0 0
github.com/quantmind-br/repodocs-go/internal/strategies/sitemap.go:179.3,179.58 1 0
github.com/quantmind-br/repodocs-go/internal/strategies/sitemap.go:179.58,181.4 1 0
github.com/quantmind-br/repodocs-go/internal/strategies/sitemap.go:184.2,184.12 1 0
github.com/quantmind-br/repodocs-go/internal/strategies/sitemap.go:212.78,215.82 2 0
github.com/quantmind-br/repodocs-go/internal/strategies/sitemap.go:215.82,217.37 2 0
github.com/quantmind-br/repodocs-go/internal/strategies/sitemap.go:217.37,219.4 1 0
github.com/quantmind-br/repodocs-go/internal/strategies/sitemap.go:220.3,224.9 1 0
github.com/quantmind-br/repodocs-go/internal/strategies/sitemap.go:228.2,229.57 2 0
github.com/quantmind-br/repodocs-go/internal/strategies/sitemap.go:229.57,231.3 1 0
github.com/quantmind-br/repodocs-go/internal/strategies/sitemap.go:233.2,234.33 2 0
github.com/quantmind-br/repodocs-go/internal/strategies/sitemap.go:234.33,242.3 2 0
github.com/quantmind-br/repodocs-go/internal/strategies/sitemap.go:244.2,248.8 1 0
github.com/quantmind-br/repodocs-go/internal/strategies/sitemap.go:252.48,260.33 2 0
github.com/quantmind-br/repodocs-go/internal/strategies/sitemap.go:260.33,261.50 1 0
github.com/quantmind-br/repodocs-go/internal/strategies/sitemap.go:261.50,263.4 1 0
github.com/quantmind-br/repodocs-go/internal/strategies/sitemap.go:266.2,266.25 1 0
github.com/quantmind-br/repodocs-go/internal/strategies/sitemap.go:270.50,271.39 1 0
github.com/quantmind-br/repodocs-go/internal/strategies/sitemap.go:271.39,273.3 1 0
github.com/quantmind-br/repodocs-go/internal/strategies/sitemap.go:277.50,279.16 2 0
github.com/quantmind-br/repodocs-go/internal/strategies/sitemap.go:279.16,281.3 1 0
github.com/quantmind-br/repodocs-go/internal/strategies/sitemap.go:282.2,284.27 2 0
github.com/quantmind-br/repodocs-go/internal/strategies/strategy.go:46.31,59.2 1 0
github.com/quantmind-br/repodocs-go/internal/strategies/strategy.go:72.69,81.16 2 0
github.com/quantmind-br/repodocs-go/internal/strategies/strategy.go:81.16,83.3 1 0
github.com/quantmind-br/repodocs-go/internal/strategies/strategy.go:86.2,87.22 2 0
github.com/quantmind-br/repodocs-go/internal/strategies/strategy.go:87.22,91.17 2 0
github.com/quantmind-br/repodocs-go/internal/strategies/strategy.go:91.17,93.4 1 0
github.com/quantmind-br/repodocs-go/internal/strategies/strategy.go:94.3,94.36 1 0
github.com/quantmind-br/repodocs-go/internal/strategies/strategy.go:98.2,99.25 2 0
github.com/quantmind-br/repodocs-go/internal/strategies/strategy.go:99.25,106.17 2 0
github.com/quantmind-br/repodocs-go/internal/strategies/strategy.go:106.17,109.4 1 0
github.com/quantmind-br/repodocs-go/internal/strategies/strategy.go:109.9,111.4 1 0
github.com/quantmind-br/repodocs-go/internal/strategies/strategy.go:115.2,143.8 4 0
github.com/quantmind-br/repodocs-go/internal/strategies/strategy.go:147.38,148.22 1 0
github.com/quantmind-br/repodocs-go/internal/strategies/strategy.go:148.22,150.3 1 0
github.com/quantmind-br/repodocs-go/internal/strategies/strategy.go:151.2,151.23 1 0
github.com/quantmind-br/repodocs-go/internal/strategies/strategy.go:151.23,153.3 1 0
github.com/quantmind-br/repodocs-go/internal/strategies/strategy.go:154.2,154.20 1 0
github.com/quantmind-br/repodocs-go/internal/strategies/strategy.go:154.20,156.3 1 0
github.com/quantmind-br/repodocs-go/internal/strategies/strategy.go:157.2,157.12 1 0
