mode: set
github.com/quantmind-br/repodocs-go/internal/strategies/crawler.go:30.62,38.2 1 0
github.com/quantmind-br/repodocs-go/internal/strategies/crawler.go:41.41,43.2 1 0
github.com/quantmind-br/repodocs-go/internal/strategies/crawler.go:46.54,48.2 1 0
github.com/quantmind-br/repodocs-go/internal/strategies/crawler.go:51.88,55.26 2 0
github.com/quantmind-br/repodocs-go/internal/strategies/crawler.go:55.26,57.3 1 0
github.com/quantmind-br/repodocs-go/internal/strategies/crawler.go:60.2,66.39 5 0
github.com/quantmind-br/repodocs-go/internal/strategies/crawler.go:66.39,67.53 1 0
github.com/quantmind-br/repodocs-go/internal/strategies/crawler.go:67.53,69.4 1 0
github.com/quantmind-br/repodocs-go/internal/strategies/crawler.go:73.2,96.49 5 0
github.com/quantmind-br/repodocs-go/internal/strategies/crawler.go:96.49,98.17 2 0
github.com/quantmind-br/repodocs-go/internal/strategies/crawler.go:98.17,100.4 1 0
github.com/quantmind-br/repodocs-go/internal/strategies/crawler.go:103.3,103.37 1 0
github.com/quantmind-br/repodocs-go/internal/strategies/crawler.go:103.37,105.4 1 0
github.com/quantmind-br/repodocs-go/internal/strategies/crawler.go:108.3,108.70 1 0
github.com/quantmind-br/repodocs-go/internal/strategies/crawler.go:108.70,110.4 1 0
github.com/quantmind-br/repodocs-go/internal/strategies/crawler.go:113.3,113.37 1 0
github.com/quantmind-br/repodocs-go/internal/strategies/crawler.go:113.37,114.28 1 0
github.com/quantmind-br/repodocs-go/internal/strategies/crawler.go:114.28,116.5 1 0
github.com/quantmind-br/repodocs-go/internal/strategies/crawler.go:120.3,121.53 2 0
github.com/quantmind-br/repodocs-go/internal/strategies/crawler.go:121.53,124.4 2 0
github.com/quantmind-br/repodocs-go/internal/strategies/crawler.go:125.3,128.59 2 0
github.com/quantmind-br/repodocs-go/internal/strategies/crawler.go:128.59,130.4 1 0
github.com/quantmind-br/repodocs-go/internal/strategies/crawler.go:133.3,133.28 1 0
github.com/quantmind-br/repodocs-go/internal/strategies/crawler.go:137.2,137.39 1 0
github.com/quantmind-br/repodocs-go/internal/strategies/crawler.go:137.39,139.10 1 0
github.com/quantmind-br/repodocs-go/internal/strategies/crawler.go:140.21,141.10 1 0
github.com/quantmind-br/repodocs-go/internal/strategies/crawler.go:142.11,142.11 0 0
github.com/quantmind-br/repodocs-go/internal/strategies/crawler.go:146.3,147.38 2 0
github.com/quantmind-br/repodocs-go/internal/strategies/crawler.go:147.38,149.4 1 0
github.com/quantmind-br/repodocs-go/internal/strategies/crawler.go:152.3,153.53 2 0
github.com/quantmind-br/repodocs-go/internal/strategies/crawler.go:153.53,156.4 2 0
github.com/quantmind-br/repodocs-go/internal/strategies/crawler.go:157.3,163.61 4 0
github.com/quantmind-br/repodocs-go/internal/strategies/crawler.go:163.61,165.4 1 0
github.com/quantmind-br/repodocs-go/internal/strategies/crawler.go:168.3,171.55 2 0
github.com/quantmind-br/repodocs-go/internal/strategies/crawler.go:171.55,172.25 1 0
github.com/quantmind-br/repodocs-go/internal/strategies/crawler.go:172.25,178.19 2 0
github.com/quantmind-br/repodocs-go/internal/strategies/crawler.go:178.19,180.6 1 0
github.com/quantmind-br/repodocs-go/internal/strategies/crawler.go:185.3,186.17 2 0
github.com/quantmind-br/repodocs-go/internal/strategies/crawler.go:186.17,189.4 2 0
github.com/quantmind-br/repodocs-go/internal/strategies/crawler.go:192.3,196.19 3 0
github.com/quantmind-br/repodocs-go/internal/strategies/crawler.go:196.19,197.51 1 0
github.com/quantmind-br/repodocs-go/internal/strategies/crawler.go:197.51,199.5 1 0
github.com/quantmind-br/repodocs-go/internal/strategies/crawler.go:204.2,204.47 1 0
github.com/quantmind-br/repodocs-go/internal/strategies/crawler.go:204.47,206.3 1 0
github.com/quantmind-br/repodocs-go/internal/strategies/crawler.go:209.2,209.37 1 0
github.com/quantmind-br/repodocs-go/internal/strategies/crawler.go:209.37,211.3 1 0
github.com/quantmind-br/repodocs-go/internal/strategies/crawler.go:214.2,215.12 2 0
github.com/quantmind-br/repodocs-go/internal/strategies/crawler.go:215.12,218.3 2 0
github.com/quantmind-br/repodocs-go/internal/strategies/crawler.go:220.2,220.9 1 0
github.com/quantmind-br/repodocs-go/internal/strategies/crawler.go:221.20,222.19 1 0
github.com/quantmind-br/repodocs-go/internal/strategies/crawler.go:223.14,223.14 0 0
github.com/quantmind-br/repodocs-go/internal/strategies/crawler.go:226.2,227.12 2 0
github.com/quantmind-br/repodocs-go/internal/strategies/crawler.go:231.49,232.23 1 0
github.com/quantmind-br/repodocs-go/internal/strategies/crawler.go:232.23,234.3 1 0
github.com/quantmind-br/repodocs-go/internal/strategies/crawler.go:235.2,237.47 2 0
github.com/quantmind-br/repodocs-go/internal/strategies/git.go:59.54,65.70 1 0
github.com/quantmind-br/repodocs-go/internal/strategies/git.go:65.70,66.23 1 0
github.com/quantmind-br/repodocs-go/internal/strategies/git.go:66.23,68.6 1 0
github.com/quantmind-br/repodocs-go/internal/strategies/git.go:69.5,69.15 1 0
github.com/quantmind-br/repodocs-go/internal/strategies/git.go:76.37,78.2 1 0
github.com/quantmind-br/repodocs-go/internal/strategies/git.go:81.50,87.2 1 0
github.com/quantmind-br/repodocs-go/internal/strategies/git.go:91.84,96.16 3 0
github.com/quantmind-br/repodocs-go/internal/strategies/git.go:96.16,98.3 1 0
github.com/quantmind-br/repodocs-go/internal/strategies/git.go:99.2,103.16 3 0
github.com/quantmind-br/repodocs-go/internal/strategies/git.go:103.16,107.17 3 0
github.com/quantmind-br/repodocs-go/internal/strategies/git.go:107.17,109.4 1 0
github.com/quantmind-br/repodocs-go/internal/strategies/git.go:110.3,110.19 1 0
github.com/quantmind-br/repodocs-go/internal/strategies/git.go:113.2,120.16 3 0
github.com/quantmind-br/repodocs-go/internal/strategies/git.go:120.16,122.3 1 0
github.com/quantmind-br/repodocs-go/internal/strategies/git.go:124.2,127.47 2 0
github.com/quantmind-br/repodocs-go/internal/strategies/git.go:127.47,129.3 1 0
github.com/quantmind-br/repodocs-go/internal/strategies/git.go:132.2,132.62 1 0
github.com/quantmind-br/repodocs-go/internal/strategies/git.go:144.119,146.36 1 0
github.com/quantmind-br/repodocs-go/internal/strategies/git.go:146.36,148.3 1 0
github.com/quantmind-br/repodocs-go/internal/strategies/git.go:151.2,152.16 2 0
github.com/quantmind-br/repodocs-go/internal/strategies/git.go:152.16,154.3 1 0
github.com/quantmind-br/repodocs-go/internal/strategies/git.go:157.2,158.16 2 0
github.com/quantmind-br/repodocs-go/internal/strategies/git.go:158.16,161.3 2 0
github.com/quantmind-br/repodocs-go/internal/strategies/git.go:164.2,168.71 3 0
github.com/quantmind-br/repodocs-go/internal/strategies/git.go:168.71,170.23 1 0
github.com/quantmind-br/repodocs-go/internal/strategies/git.go:170.23,173.75 3 0
github.com/quantmind-br/repodocs-go/internal/strategies/git.go:173.75,175.5 1 0
github.com/quantmind-br/repodocs-go/internal/strategies/git.go:177.3,177.21 1 0
github.com/quantmind-br/repodocs-go/internal/strategies/git.go:180.2,180.31 1 0
github.com/quantmind-br/repodocs-go/internal/strategies/git.go:184.66,194.29 2 0
github.com/quantmind-br/repodocs-go/internal/strategies/git.go:194.29,195.68 1 0
github.com/quantmind-br/repodocs-go/internal/strategies/git.go:195.68,201.4 1 0
github.com/quantmind-br/repodocs-go/internal/strategies/git.go:204.2,204.63 1 0
github.com/quantmind-br/repodocs-go/internal/strategies/git.go:208.92,211.16 3 0
github.com/quantmind-br/repodocs-go/internal/strategies/git.go:211.16,213.3 1 0
github.com/quantmind-br/repodocs-go/internal/strategies/git.go:216.2,217.21 2 0
github.com/quantmind-br/repodocs-go/internal/strategies/git.go:217.21,219.50 2 0
github.com/quantmind-br/repodocs-go/internal/strategies/git.go:219.50,222.23 2 0
github.com/quantmind-br/repodocs-go/internal/strategies/git.go:222.23,226.5 2 0
github.com/quantmind-br/repodocs-go/internal/strategies/git.go:230.2,230.61 1 0
github.com/quantmind-br/repodocs-go/internal/strategies/git.go:234.77,235.23 1 0
github.com/quantmind-br/repodocs-go/internal/strategies/git.go:236.16,238.34 1 0
github.com/quantmind-br/repodocs-go/internal/strategies/git.go:239.16,241.53 1 0
github.com/quantmind-br/repodocs-go/internal/strategies/git.go:242.19,244.34 1 0
github.com/quantmind-br/repodocs-go/internal/strategies/git.go:245.10,248.34 1 0
github.com/quantmind-br/repodocs-go/internal/strategies/git.go:253.97,255.16 2 0
github.com/quantmind-br/repodocs-go/internal/strategies/git.go:255.16,257.3 1 0
github.com/quantmind-br/repodocs-go/internal/strategies/git.go:260.2,260.53 1 0
github.com/quantmind-br/repodocs-go/internal/strategies/git.go:260.53,262.3 1 0
github.com/quantmind-br/repodocs-go/internal/strategies/git.go:264.2,265.16 2 0
github.com/quantmind-br/repodocs-go/internal/strategies/git.go:265.16,267.3 1 0
github.com/quantmind-br/repodocs-go/internal/strategies/git.go:268.2,270.44 2 0
github.com/quantmind-br/repodocs-go/internal/strategies/git.go:270.44,272.3 1 0
github.com/quantmind-br/repodocs-go/internal/strategies/git.go:273.2,273.48 1 0
github.com/quantmind-br/repodocs-go/internal/strategies/git.go:273.48,275.3 1 0
github.com/quantmind-br/repodocs-go/internal/strategies/git.go:276.2,276.38 1 0
github.com/quantmind-br/repodocs-go/internal/strategies/git.go:276.38,278.3 1 0
github.com/quantmind-br/repodocs-go/internal/strategies/git.go:280.2,280.43 1 0
github.com/quantmind-br/repodocs-go/internal/strategies/git.go:284.71,286.16 2 0
github.com/quantmind-br/repodocs-go/internal/strategies/git.go:286.16,288.3 1 0
github.com/quantmind-br/repodocs-go/internal/strategies/git.go:289.2,293.6 3 0
github.com/quantmind-br/repodocs-go/internal/strategies/git.go:293.6,295.20 2 0
github.com/quantmind-br/repodocs-go/internal/strategies/git.go:295.20,296.9 1 0
github.com/quantmind-br/repodocs-go/internal/strategies/git.go:298.3,298.17 1 0
github.com/quantmind-br/repodocs-go/internal/strategies/git.go:298.17,300.4 1 0
github.com/quantmind-br/repodocs-go/internal/strategies/git.go:303.3,304.39 2 0
github.com/quantmind-br/repodocs-go/internal/strategies/git.go:304.39,305.12 1 0
github.com/quantmind-br/repodocs-go/internal/strategies/git.go:307.3,312.78 3 0
github.com/quantmind-br/repodocs-go/internal/strategies/git.go:312.78,313.12 1 0
github.com/quantmind-br/repodocs-go/internal/strategies/git.go:316.3,316.26 1 0
github.com/quantmind-br/repodocs-go/internal/strategies/git.go:317.20,318.56 1 0
github.com/quantmind-br/repodocs-go/internal/strategies/git.go:318.56,320.5 1 0
github.com/quantmind-br/repodocs-go/internal/strategies/git.go:321.20,322.70 1 0
github.com/quantmind-br/repodocs-go/internal/strategies/git.go:322.70,324.5 1 0
github.com/quantmind-br/repodocs-go/internal/strategies/git.go:326.4,327.18 2 0
github.com/quantmind-br/repodocs-go/internal/strategies/git.go:327.18,329.5 1 0
github.com/quantmind-br/repodocs-go/internal/strategies/git.go:331.4,331.44 1 0
github.com/quantmind-br/repodocs-go/internal/strategies/git.go:331.44,334.5 2 0
github.com/quantmind-br/repodocs-go/internal/strategies/git.go:335.4,335.13 1 0
github.com/quantmind-br/repodocs-go/internal/strategies/git.go:339.2,339.12 1 0
github.com/quantmind-br/repodocs-go/internal/strategies/git.go:343.97,353.53 3 0
github.com/quantmind-br/repodocs-go/internal/strategies/git.go:353.53,358.3 1 0
github.com/quantmind-br/repodocs-go/internal/strategies/git.go:360.2,361.16 2 0
github.com/quantmind-br/repodocs-go/internal/strategies/git.go:361.16,363.3 1 0
github.com/quantmind-br/repodocs-go/internal/strategies/git.go:366.2,367.16 2 0
github.com/quantmind-br/repodocs-go/internal/strategies/git.go:367.16,369.48 2 0
github.com/quantmind-br/repodocs-go/internal/strategies/git.go:369.48,371.4 1 0
github.com/quantmind-br/repodocs-go/internal/strategies/git.go:374.2,374.20 1 0
github.com/quantmind-br/repodocs-go/internal/strategies/git.go:378.76,380.81 2 0
github.com/quantmind-br/repodocs-go/internal/strategies/git.go:380.81,381.17 1 0
github.com/quantmind-br/repodocs-go/internal/strategies/git.go:381.17,383.4 1 0
github.com/quantmind-br/repodocs-go/internal/strategies/git.go:386.3,386.16 1 0
github.com/quantmind-br/repodocs-go/internal/strategies/git.go:386.16,387.28 1 0
github.com/quantmind-br/repodocs-go/internal/strategies/git.go:387.28,389.5 1 0
github.com/quantmind-br/repodocs-go/internal/strategies/git.go:390.4,390.14 1 0
github.com/quantmind-br/repodocs-go/internal/strategies/git.go:394.3,395.30 2 0
github.com/quantmind-br/repodocs-go/internal/strategies/git.go:395.30,397.4 1 0
github.com/quantmind-br/repodocs-go/internal/strategies/git.go:399.3,399.13 1 0
github.com/quantmind-br/repodocs-go/internal/strategies/git.go:402.2,402.19 1 0
github.com/quantmind-br/repodocs-go/internal/strategies/git.go:406.125,414.109 2 0
github.com/quantmind-br/repodocs-go/internal/strategies/git.go:414.109,417.81 2 0
github.com/quantmind-br/repodocs-go/internal/strategies/git.go:417.81,419.4 1 0
github.com/quantmind-br/repodocs-go/internal/strategies/git.go:420.3,420.13 1 0
github.com/quantmind-br/repodocs-go/internal/strategies/git.go:424.2,424.49 1 0
github.com/quantmind-br/repodocs-go/internal/strategies/git.go:424.49,426.3 1 0
github.com/quantmind-br/repodocs-go/internal/strategies/git.go:428.2,429.12 2 0
github.com/quantmind-br/repodocs-go/internal/strategies/git.go:433.114,436.16 2 0
github.com/quantmind-br/repodocs-go/internal/strategies/git.go:436.16,438.3 1 0
github.com/quantmind-br/repodocs-go/internal/strategies/git.go:441.2,441.33 1 0
github.com/quantmind-br/repodocs-go/internal/strategies/git.go:441.33,443.3 1 0
github.com/quantmind-br/repodocs-go/internal/strategies/git.go:446.2,465.18 6 0
github.com/quantmind-br/repodocs-go/internal/strategies/git.go:465.18,468.3 1 0
github.com/quantmind-br/repodocs-go/internal/strategies/git.go:471.2,471.18 1 0
github.com/quantmind-br/repodocs-go/internal/strategies/git.go:471.18,473.3 1 0
github.com/quantmind-br/repodocs-go/internal/strategies/git.go:475.2,475.12 1 0
github.com/quantmind-br/repodocs-go/internal/strategies/git.go:479.47,490.19 6 0
github.com/quantmind-br/repodocs-go/internal/strategies/git.go:490.19,492.3 1 0
github.com/quantmind-br/repodocs-go/internal/strategies/git.go:494.2,494.13 1 0
github.com/quantmind-br/repodocs-go/internal/strategies/llms.go:26.56,33.2 1 0
github.com/quantmind-br/repodocs-go/internal/strategies/llms.go:36.38,38.2 1 0
github.com/quantmind-br/repodocs-go/internal/strategies/llms.go:41.51,43.2 1 0
github.com/quantmind-br/repodocs-go/internal/strategies/llms.go:46.85,51.16 3 0
github.com/quantmind-br/repodocs-go/internal/strategies/llms.go:51.16,53.3 1 0
github.com/quantmind-br/repodocs-go/internal/strategies/llms.go:56.2,60.47 3 0
github.com/quantmind-br/repodocs-go/internal/strategies/llms.go:60.47,62.3 1 0
github.com/quantmind-br/repodocs-go/internal/strategies/llms.go:65.2,72.118 2 0
github.com/quantmind-br/repodocs-go/internal/strategies/llms.go:72.118,76.47 2 0
github.com/quantmind-br/repodocs-go/internal/strategies/llms.go:76.47,78.4 1 0
github.com/quantmind-br/repodocs-go/internal/strategies/llms.go:81.3,82.17 2 0
github.com/quantmind-br/repodocs-go/internal/strategies/llms.go:82.17,85.4 2 0
github.com/quantmind-br/repodocs-go/internal/strategies/llms.go:88.3,89.17 2 0
github.com/quantmind-br/repodocs-go/internal/strategies/llms.go:89.17,92.4 2 0
github.com/quantmind-br/repodocs-go/internal/strategies/llms.go:95.3,100.42 4 0
github.com/quantmind-br/repodocs-go/internal/strategies/llms.go:100.42,102.4 1 0
github.com/quantmind-br/repodocs-go/internal/strategies/llms.go:105.3,105.19 1 0
github.com/quantmind-br/repodocs-go/internal/strategies/llms.go:105.19,106.51 1 0
github.com/quantmind-br/repodocs-go/internal/strategies/llms.go:106.51,109.5 2 0
github.com/quantmind-br/repodocs-go/internal/strategies/llms.go:112.3,112.13 1 0
github.com/quantmind-br/repodocs-go/internal/strategies/llms.go:116.2,116.49 1 0
github.com/quantmind-br/repodocs-go/internal/strategies/llms.go:116.49,118.3 1 0
github.com/quantmind-br/repodocs-go/internal/strategies/llms.go:120.2,121.12 2 0
github.com/quantmind-br/repodocs-go/internal/strategies/llms.go:128.55,132.32 3 0
github.com/quantmind-br/repodocs-go/internal/strategies/llms.go:132.32,133.22 1 0
github.com/quantmind-br/repodocs-go/internal/strategies/llms.go:133.22,138.48 3 0
github.com/quantmind-br/repodocs-go/internal/strategies/llms.go:138.48,139.13 1 0
github.com/quantmind-br/repodocs-go/internal/strategies/llms.go:142.4,145.6 1 0
github.com/quantmind-br/repodocs-go/internal/strategies/llms.go:149.2,149.14 1 0
github.com/quantmind-br/repodocs-go/internal/strategies/pkggo.go:24.58,31.2 1 0
github.com/quantmind-br/repodocs-go/internal/strategies/pkggo.go:34.39,36.2 1 0
github.com/quantmind-br/repodocs-go/internal/strategies/pkggo.go:39.52,41.2 1 0
github.com/quantmind-br/repodocs-go/internal/strategies/pkggo.go:44.86,49.16 3 0
github.com/quantmind-br/repodocs-go/internal/strategies/pkggo.go:49.16,51.3 1 0
github.com/quantmind-br/repodocs-go/internal/strategies/pkggo.go:54.2,55.16 2 0
github.com/quantmind-br/repodocs-go/internal/strategies/pkggo.go:55.16,57.3 1 0
github.com/quantmind-br/repodocs-go/internal/strategies/pkggo.go:60.2,64.16 3 0
github.com/quantmind-br/repodocs-go/internal/strategies/pkggo.go:64.16,66.3 1 0
github.com/quantmind-br/repodocs-go/internal/strategies/pkggo.go:69.2,70.27 2 0
github.com/quantmind-br/repodocs-go/internal/strategies/pkggo.go:70.27,73.3 1 0
github.com/quantmind-br/repodocs-go/internal/strategies/pkggo.go:75.2,76.16 2 0
github.com/quantmind-br/repodocs-go/internal/strategies/pkggo.go:76.16,78.3 1 0
github.com/quantmind-br/repodocs-go/internal/strategies/pkggo.go:81.2,82.16 2 0
github.com/quantmind-br/repodocs-go/internal/strategies/pkggo.go:82.16,84.3 1 0
github.com/quantmind-br/repodocs-go/internal/strategies/pkggo.go:87.2,93.18 5 0
github.com/quantmind-br/repodocs-go/internal/strategies/pkggo.go:93.18,95.3 1 0
github.com/quantmind-br/repodocs-go/internal/strategies/pkggo.go:97.2,97.12 1 0
github.com/quantmind-br/repodocs-go/internal/strategies/pkggo.go:101.134,114.35 2 0
github.com/quantmind-br/repodocs-go/internal/strategies/pkggo.go:114.35,115.10 1 0
github.com/quantmind-br/repodocs-go/internal/strategies/pkggo.go:116.21,117.20 1 0
github.com/quantmind-br/repodocs-go/internal/strategies/pkggo.go:118.11,118.11 0 0
github.com/quantmind-br/repodocs-go/internal/strategies/pkggo.go:121.3,122.28 2 0
github.com/quantmind-br/repodocs-go/internal/strategies/pkggo.go:122.28,123.12 1 0
github.com/quantmind-br/repodocs-go/internal/strategies/pkggo.go:127.3,128.17 2 0
github.com/quantmind-br/repodocs-go/internal/strategies/pkggo.go:128.17,129.12 1 0
github.com/quantmind-br/repodocs-go/internal/strategies/pkggo.go:133.3,133.43 1 0
github.com/quantmind-br/repodocs-go/internal/strategies/pkggo.go:133.43,134.12 1 0
github.com/quantmind-br/repodocs-go/internal/strategies/pkggo.go:138.3,142.17 3 0
github.com/quantmind-br/repodocs-go/internal/strategies/pkggo.go:142.17,144.12 2 0
github.com/quantmind-br/repodocs-go/internal/strategies/pkggo.go:148.3,153.19 4 0
github.com/quantmind-br/repodocs-go/internal/strategies/pkggo.go:153.19,154.56 1 0
github.com/quantmind-br/repodocs-go/internal/strategies/pkggo.go:154.56,156.5 1 0
github.com/quantmind-br/repodocs-go/internal/strategies/pkggo.go:160.2,161.12 2 0
github.com/quantmind-br/repodocs-go/internal/strategies/sitemap.go:31.62,39.2 1 1
github.com/quantmind-br/repodocs-go/internal/strategies/sitemap.go:42.41,44.2 1 1
github.com/quantmind-br/repodocs-go/internal/strategies/sitemap.go:47.54,52.2 2 0
github.com/quantmind-br/repodocs-go/internal/strategies/sitemap.go:55.88,60.16 3 1
github.com/quantmind-br/repodocs-go/internal/strategies/sitemap.go:60.16,62.3 1 0
github.com/quantmind-br/repodocs-go/internal/strategies/sitemap.go:65.2,66.52 2 1
github.com/quantmind-br/repodocs-go/internal/strategies/sitemap.go:66.52,68.17 2 0
github.com/quantmind-br/repodocs-go/internal/strategies/sitemap.go:68.17,70.4 1 0
github.com/quantmind-br/repodocs-go/internal/strategies/sitemap.go:74.2,75.16 2 1
github.com/quantmind-br/repodocs-go/internal/strategies/sitemap.go:75.16,77.3 1 1
github.com/quantmind-br/repodocs-go/internal/strategies/sitemap.go:80.2,80.21 1 1
github.com/quantmind-br/repodocs-go/internal/strategies/sitemap.go:80.21,82.3 1 1
github.com/quantmind-br/repodocs-go/internal/strategies/sitemap.go:85.2,89.46 3 1
github.com/quantmind-br/repodocs-go/internal/strategies/sitemap.go:89.46,91.3 1 0
github.com/quantmind-br/repodocs-go/internal/strategies/sitemap.go:93.2,103.125 3 1
github.com/quantmind-br/repodocs-go/internal/strategies/sitemap.go:103.125,107.53 2 1
github.com/quantmind-br/repodocs-go/internal/strategies/sitemap.go:107.53,109.4 1 0
github.com/quantmind-br/repodocs-go/internal/strategies/sitemap.go:112.3,116.17 4 1
github.com/quantmind-br/repodocs-go/internal/strategies/sitemap.go:116.17,119.4 2 0
github.com/quantmind-br/repodocs-go/internal/strategies/sitemap.go:120.3,124.55 3 1
github.com/quantmind-br/repodocs-go/internal/strategies/sitemap.go:124.55,125.25 1 0
github.com/quantmind-br/repodocs-go/internal/strategies/sitemap.go:125.25,131.19 2 0
github.com/quantmind-br/repodocs-go/internal/strategies/sitemap.go:131.19,133.6 1 0
github.com/quantmind-br/repodocs-go/internal/strategies/sitemap.go:138.3,139.17 2 1
github.com/quantmind-br/repodocs-go/internal/strategies/sitemap.go:139.17,142.4 2 0
github.com/quantmind-br/repodocs-go/internal/strategies/sitemap.go:145.3,150.19 4 1
github.com/quantmind-br/repodocs-go/internal/strategies/sitemap.go:150.19,151.51 1 1
github.com/quantmind-br/repodocs-go/internal/strategies/sitemap.go:151.51,154.5 2 0
github.com/quantmind-br/repodocs-go/internal/strategies/sitemap.go:157.3,157.13 1 1
github.com/quantmind-br/repodocs-go/internal/strategies/sitemap.go:160.2,160.49 1 1
github.com/quantmind-br/repodocs-go/internal/strategies/sitemap.go:160.49,162.3 1 0
github.com/quantmind-br/repodocs-go/internal/strategies/sitemap.go:164.2,165.12 2 1
github.com/quantmind-br/repodocs-go/internal/strategies/sitemap.go:169.113,172.46 2 1
github.com/quantmind-br/repodocs-go/internal/strategies/sitemap.go:172.46,173.10 1 1
github.com/quantmind-br/repodocs-go/internal/strategies/sitemap.go:174.21,175.20 1 1
github.com/quantmind-br/repodocs-go/internal/strategies/sitemap.go:176.11,176.11 0 1
github.com/quantmind-br/repodocs-go/internal/strategies/sitemap.go:179.3,179.58 1 1
github.com/quantmind-br/repodocs-go/internal/strategies/sitemap.go:179.58,181.4 1 1
github.com/quantmind-br/repodocs-go/internal/strategies/sitemap.go:184.2,184.12 1 1
github.com/quantmind-br/repodocs-go/internal/strategies/sitemap.go:212.78,215.82 2 1
github.com/quantmind-br/repodocs-go/internal/strategies/sitemap.go:215.82,217.37 2 1
github.com/quantmind-br/repodocs-go/internal/strategies/sitemap.go:217.37,219.4 1 1
github.com/quantmind-br/repodocs-go/internal/strategies/sitemap.go:220.3,224.9 1 1
github.com/quantmind-br/repodocs-go/internal/strategies/sitemap.go:228.2,229.57 2 1
github.com/quantmind-br/repodocs-go/internal/strategies/sitemap.go:229.57,231.3 1 1
github.com/quantmind-br/repodocs-go/internal/strategies/sitemap.go:233.2,234.33 2 1
github.com/quantmind-br/repodocs-go/internal/strategies/sitemap.go:234.33,242.3 2 1
github.com/quantmind-br/repodocs-go/internal/strategies/sitemap.go:244.2,248.8 1 1
github.com/quantmind-br/repodocs-go/internal/strategies/sitemap.go:252.48,260.33 2 1
github.com/quantmind-br/repodocs-go/internal/strategies/sitemap.go:260.33,261.50 1 1
github.com/quantmind-br/repodocs-go/internal/strategies/sitemap.go:261.50,263.4 1 1
github.com/quantmind-br/repodocs-go/internal/strategies/sitemap.go:266.2,266.25 1 1
github.com/quantmind-br/repodocs-go/internal/strategies/sitemap.go:270.50,271.39 1 1
github.com/quantmind-br/repodocs-go/internal/strategies/sitemap.go:271.39,273.3 1 0
github.com/quantmind-br/repodocs-go/internal/strategies/sitemap.go:277.50,279.16 2 1
github.com/quantmind-br/repodocs-go/internal/strategies/sitemap.go:279.16,281.3 1 1
github.com/quantmind-br/repodocs-go/internal/strategies/sitemap.go:282.2,284.27 2 1
github.com/quantmind-br/repodocs-go/internal/strategies/strategy.go:46.31,59.2 1 0
github.com/quantmind-br/repodocs-go/internal/strategies/strategy.go:72.69,81.16 2 1
github.com/quantmind-br/repodocs-go/internal/strategies/strategy.go:81.16,83.3 1 0
github.com/quantmind-br/repodocs-go/internal/strategies/strategy.go:86.2,87.22 2 1
github.com/quantmind-br/repodocs-go/internal/strategies/strategy.go:87.22,91.17 2 0
github.com/quantmind-br/repodocs-go/internal/strategies/strategy.go:91.17,93.4 1 0
github.com/quantmind-br/repodocs-go/internal/strategies/strategy.go:94.3,94.36 1 0
github.com/quantmind-br/repodocs-go/internal/strategies/strategy.go:98.2,99.25 2 1
github.com/quantmind-br/repodocs-go/internal/strategies/strategy.go:99.25,106.17 2 0
github.com/quantmind-br/repodocs-go/internal/strategies/strategy.go:106.17,109.4 1 0
github.com/quantmind-br/repodocs-go/internal/strategies/strategy.go:109.9,111.4 1 0
github.com/quantmind-br/repodocs-go/internal/strategies/strategy.go:115.2,143.8 4 1
github.com/quantmind-br/repodocs-go/internal/strategies/strategy.go:147.38,148.22 1 1
github.com/quantmind-br/repodocs-go/internal/strategies/strategy.go:148.22,150.3 1 1
github.com/quantmind-br/repodocs-go/internal/strategies/strategy.go:151.2,151.23 1 1
github.com/quantmind-br/repodocs-go/internal/strategies/strategy.go:151.23,153.3 1 0
github.com/quantmind-br/repodocs-go/internal/strategies/strategy.go:154.2,154.20 1 1
github.com/quantmind-br/repodocs-go/internal/strategies/strategy.go:154.20,156.3 1 0
github.com/quantmind-br/repodocs-go/internal/strategies/strategy.go:157.2,157.12 1 1
github.com/quantmind-br/repodocs-go/internal/cache/badger.go:18.57,21.19 2 0
github.com/quantmind-br/repodocs-go/internal/cache/badger.go:21.19,23.3 1 0
github.com/quantmind-br/repodocs-go/internal/cache/badger.go:23.8,24.27 1 0
github.com/quantmind-br/repodocs-go/internal/cache/badger.go:24.27,26.18 2 0
github.com/quantmind-br/repodocs-go/internal/cache/badger.go:26.18,28.5 1 0
github.com/quantmind-br/repodocs-go/internal/cache/badger.go:29.4,29.49 1 0
github.com/quantmind-br/repodocs-go/internal/cache/badger.go:33.3,33.59 1 0
github.com/quantmind-br/repodocs-go/internal/cache/badger.go:33.59,35.4 1 0
github.com/quantmind-br/repodocs-go/internal/cache/badger.go:37.3,37.53 1 0
github.com/quantmind-br/repodocs-go/internal/cache/badger.go:41.2,41.18 1 0
github.com/quantmind-br/repodocs-go/internal/cache/badger.go:41.18,43.3 1 0
github.com/quantmind-br/repodocs-go/internal/cache/badger.go:45.2,46.16 2 0
github.com/quantmind-br/repodocs-go/internal/cache/badger.go:46.16,48.3 1 0
github.com/quantmind-br/repodocs-go/internal/cache/badger.go:51.2,51.12 1 0
github.com/quantmind-br/repodocs-go/internal/cache/badger.go:51.12,54.22 3 0
github.com/quantmind-br/repodocs-go/internal/cache/badger.go:54.22,56.4 1 0
github.com/quantmind-br/repodocs-go/internal/cache/badger.go:59.2,59.34 1 0
github.com/quantmind-br/repodocs-go/internal/cache/badger.go:63.76,68.47 3 0
github.com/quantmind-br/repodocs-go/internal/cache/badger.go:68.47,70.17 2 0
github.com/quantmind-br/repodocs-go/internal/cache/badger.go:70.17,71.36 1 0
github.com/quantmind-br/repodocs-go/internal/cache/badger.go:71.36,73.5 1 0
github.com/quantmind-br/repodocs-go/internal/cache/badger.go:74.4,74.14 1 0
github.com/quantmind-br/repodocs-go/internal/cache/badger.go:77.3,78.13 2 0
github.com/quantmind-br/repodocs-go/internal/cache/badger.go:81.2,81.16 1 0
github.com/quantmind-br/repodocs-go/internal/cache/badger.go:81.16,83.3 1 0
github.com/quantmind-br/repodocs-go/internal/cache/badger.go:85.2,85.19 1 0
github.com/quantmind-br/repodocs-go/internal/cache/badger.go:89.99,93.49 2 0
github.com/quantmind-br/repodocs-go/internal/cache/badger.go:93.49,95.14 2 0
github.com/quantmind-br/repodocs-go/internal/cache/badger.go:95.14,97.4 1 0
github.com/quantmind-br/repodocs-go/internal/cache/badger.go:98.3,98.25 1 0
github.com/quantmind-br/repodocs-go/internal/cache/badger.go:103.65,106.47 2 0
github.com/quantmind-br/repodocs-go/internal/cache/badger.go:106.47,109.3 2 0
github.com/quantmind-br/repodocs-go/internal/cache/badger.go:111.2,111.19 1 0
github.com/quantmind-br/repodocs-go/internal/cache/badger.go:115.69,118.49 2 0
github.com/quantmind-br/repodocs-go/internal/cache/badger.go:118.49,120.3 1 0
github.com/quantmind-br/repodocs-go/internal/cache/badger.go:124.37,126.2 1 0
github.com/quantmind-br/repodocs-go/internal/cache/badger.go:129.37,131.2 1 0
github.com/quantmind-br/repodocs-go/internal/cache/badger.go:134.36,136.44 2 0
github.com/quantmind-br/repodocs-go/internal/cache/badger.go:136.44,142.42 5 0
github.com/quantmind-br/repodocs-go/internal/cache/badger.go:142.42,144.4 1 0
github.com/quantmind-br/repodocs-go/internal/cache/badger.go:145.3,145.13 1 0
github.com/quantmind-br/repodocs-go/internal/cache/badger.go:147.2,147.14 1 0
github.com/quantmind-br/repodocs-go/internal/cache/badger.go:151.54,158.2 2 0
github.com/quantmind-br/repodocs-go/internal/cache/interface.go:22.34,24.2 1 0
github.com/quantmind-br/repodocs-go/internal/cache/interface.go:27.37,29.19 2 0
github.com/quantmind-br/repodocs-go/internal/cache/interface.go:29.19,31.3 1 0
github.com/quantmind-br/repodocs-go/internal/cache/interface.go:32.2,32.18 1 0
github.com/quantmind-br/repodocs-go/internal/cache/interface.go:43.31,49.2 1 0
github.com/quantmind-br/repodocs-go/internal/cache/keys.go:13.40,17.2 3 0
github.com/quantmind-br/repodocs-go/internal/cache/keys.go:20.58,23.2 2 0
github.com/quantmind-br/repodocs-go/internal/cache/keys.go:26.44,28.16 2 0
github.com/quantmind-br/repodocs-go/internal/cache/keys.go:28.16,30.3 1 0
github.com/quantmind-br/repodocs-go/internal/cache/keys.go:33.2,33.20 1 0
github.com/quantmind-br/repodocs-go/internal/cache/keys.go:33.20,35.3 1 0
github.com/quantmind-br/repodocs-go/internal/cache/keys.go:38.2,42.46 2 0
github.com/quantmind-br/repodocs-go/internal/cache/keys.go:42.46,44.3 1 0
github.com/quantmind-br/repodocs-go/internal/cache/keys.go:47.2,47.18 1 0
github.com/quantmind-br/repodocs-go/internal/cache/keys.go:47.18,49.3 1 0
github.com/quantmind-br/repodocs-go/internal/cache/keys.go:49.8,51.3 1 0
github.com/quantmind-br/repodocs-go/internal/cache/keys.go:54.2,54.53 1 0
github.com/quantmind-br/repodocs-go/internal/cache/keys.go:54.53,56.3 1 0
github.com/quantmind-br/repodocs-go/internal/cache/keys.go:59.2,61.19 2 0
github.com/quantmind-br/repodocs-go/internal/cache/keys.go:73.33,75.2 1 0
github.com/quantmind-br/repodocs-go/internal/cache/keys.go:78.36,80.2 1 0
github.com/quantmind-br/repodocs-go/internal/cache/keys.go:83.37,85.2 1 0
github.com/quantmind-br/repodocs-go/internal/app/detector.go:22.46,26.83 2 0
github.com/quantmind-br/repodocs-go/internal/app/detector.go:26.83,28.3 1 0
github.com/quantmind-br/repodocs-go/internal/app/detector.go:31.2,31.43 1 0
github.com/quantmind-br/repodocs-go/internal/app/detector.go:31.43,33.3 1 0
github.com/quantmind-br/repodocs-go/internal/app/detector.go:36.2,38.74 1 0
github.com/quantmind-br/repodocs-go/internal/app/detector.go:38.74,40.3 1 0
github.com/quantmind-br/repodocs-go/internal/app/detector.go:43.2,47.44 1 0
github.com/quantmind-br/repodocs-go/internal/app/detector.go:47.44,49.3 1 0
github.com/quantmind-br/repodocs-go/internal/app/detector.go:52.2,52.81 1 0
github.com/quantmind-br/repodocs-go/internal/app/detector.go:52.81,54.3 1 0
github.com/quantmind-br/repodocs-go/internal/app/detector.go:56.2,56.24 1 0
github.com/quantmind-br/repodocs-go/internal/app/detector.go:60.99,61.22 1 0
github.com/quantmind-br/repodocs-go/internal/app/detector.go:62.20,63.42 1 0
github.com/quantmind-br/repodocs-go/internal/app/detector.go:64.23,65.45 1 0
github.com/quantmind-br/repodocs-go/internal/app/detector.go:66.19,67.41 1 0
github.com/quantmind-br/repodocs-go/internal/app/detector.go:68.21,69.43 1 0
github.com/quantmind-br/repodocs-go/internal/app/detector.go:70.23,71.45 1 0
github.com/quantmind-br/repodocs-go/internal/app/detector.go:72.10,73.13 1 0
github.com/quantmind-br/repodocs-go/internal/app/detector.go:78.76,86.2 1 0
github.com/quantmind-br/repodocs-go/internal/app/detector.go:89.90,90.50 1 0
github.com/quantmind-br/repodocs-go/internal/app/detector.go:90.50,91.30 1 0
github.com/quantmind-br/repodocs-go/internal/app/detector.go:91.30,93.4 1 0
github.com/quantmind-br/repodocs-go/internal/app/detector.go:95.2,95.12 1 0
github.com/quantmind-br/repodocs-go/internal/app/orchestrator.go:40.71,44.16 2 0
github.com/quantmind-br/repodocs-go/internal/app/orchestrator.go:44.16,46.3 1 0
github.com/quantmind-br/repodocs-go/internal/app/orchestrator.go:49.2,51.29 3 0
github.com/quantmind-br/repodocs-go/internal/app/orchestrator.go:51.29,53.3 1 0
github.com/quantmind-br/repodocs-go/internal/app/orchestrator.go:54.2,54.30 1 0
github.com/quantmind-br/repodocs-go/internal/app/orchestrator.go:54.30,56.3 1 0
github.com/quantmind-br/repodocs-go/internal/app/orchestrator.go:57.2,57.18 1 0
github.com/quantmind-br/repodocs-go/internal/app/orchestrator.go:57.18,59.3 1 0
github.com/quantmind-br/repodocs-go/internal/app/orchestrator.go:61.2,69.20 3 0
github.com/quantmind-br/repodocs-go/internal/app/orchestrator.go:69.20,71.3 1 0
github.com/quantmind-br/repodocs-go/internal/app/orchestrator.go:72.2,92.16 3 0
github.com/quantmind-br/repodocs-go/internal/app/orchestrator.go:92.16,94.3 1 0
github.com/quantmind-br/repodocs-go/internal/app/orchestrator.go:97.2,98.28 2 0
github.com/quantmind-br/repodocs-go/internal/app/orchestrator.go:98.28,99.91 1 0
github.com/quantmind-br/repodocs-go/internal/app/orchestrator.go:99.91,101.4 1 0
github.com/quantmind-br/repodocs-go/internal/app/orchestrator.go:104.2,109.8 1 0
github.com/quantmind-br/repodocs-go/internal/app/orchestrator.go:113.93,128.37 5 0
github.com/quantmind-br/repodocs-go/internal/app/orchestrator.go:128.37,130.3 1 0
github.com/quantmind-br/repodocs-go/internal/app/orchestrator.go:133.2,134.21 2 0
github.com/quantmind-br/repodocs-go/internal/app/orchestrator.go:134.21,136.3 1 0
github.com/quantmind-br/repodocs-go/internal/app/orchestrator.go:138.2,161.65 3 0
github.com/quantmind-br/repodocs-go/internal/app/orchestrator.go:161.65,163.23 1 0
github.com/quantmind-br/repodocs-go/internal/app/orchestrator.go:163.23,166.4 2 0
github.com/quantmind-br/repodocs-go/internal/app/orchestrator.go:167.3,167.58 1 0
github.com/quantmind-br/repodocs-go/internal/app/orchestrator.go:170.2,175.12 3 0
github.com/quantmind-br/repodocs-go/internal/app/orchestrator.go:179.38,180.19 1 0
github.com/quantmind-br/repodocs-go/internal/app/orchestrator.go:180.19,182.3 1 0
github.com/quantmind-br/repodocs-go/internal/app/orchestrator.go:183.2,183.12 1 0
github.com/quantmind-br/repodocs-go/internal/app/orchestrator.go:187.59,189.2 1 0
github.com/quantmind-br/repodocs-go/internal/app/orchestrator.go:192.54,194.37 2 0
github.com/quantmind-br/repodocs-go/internal/app/orchestrator.go:194.37,196.3 1 0
github.com/quantmind-br/repodocs-go/internal/app/orchestrator.go:197.2,197.12 1 0
github.com/quantmind-br/repodocs-go/internal/output/writer.go:33.44,34.24 1 0
github.com/quantmind-br/repodocs-go/internal/output/writer.go:34.24,36.3 1 0
github.com/quantmind-br/repodocs-go/internal/output/writer.go:38.2,44.3 1 0
github.com/quantmind-br/repodocs-go/internal/output/writer.go:48.73,51.28 2 0
github.com/quantmind-br/repodocs-go/internal/output/writer.go:51.28,54.3 1 0
github.com/quantmind-br/repodocs-go/internal/output/writer.go:54.8,57.3 1 0
github.com/quantmind-br/repodocs-go/internal/output/writer.go:60.2,60.14 1 0
github.com/quantmind-br/repodocs-go/internal/output/writer.go:60.14,61.42 1 0
github.com/quantmind-br/repodocs-go/internal/output/writer.go:61.42,64.4 1 0
github.com/quantmind-br/repodocs-go/internal/output/writer.go:68.2,68.14 1 0
github.com/quantmind-br/repodocs-go/internal/output/writer.go:68.14,70.3 1 0
github.com/quantmind-br/repodocs-go/internal/output/writer.go:73.2,73.46 1 0
github.com/quantmind-br/repodocs-go/internal/output/writer.go:73.46,75.3 1 0
github.com/quantmind-br/repodocs-go/internal/output/writer.go:78.2,79.16 2 0
github.com/quantmind-br/repodocs-go/internal/output/writer.go:79.16,81.3 1 0
github.com/quantmind-br/repodocs-go/internal/output/writer.go:84.2,84.66 1 0
github.com/quantmind-br/repodocs-go/internal/output/writer.go:84.66,86.3 1 0
github.com/quantmind-br/repodocs-go/internal/output/writer.go:89.2,89.20 1 0
github.com/quantmind-br/repodocs-go/internal/output/writer.go:89.20,91.52 2 0
github.com/quantmind-br/repodocs-go/internal/output/writer.go:91.52,93.4 1 0
github.com/quantmind-br/repodocs-go/internal/output/writer.go:96.2,96.12 1 0
github.com/quantmind-br/repodocs-go/internal/output/writer.go:100.69,104.16 3 0
github.com/quantmind-br/repodocs-go/internal/output/writer.go:104.16,106.3 1 0
github.com/quantmind-br/repodocs-go/internal/output/writer.go:108.2,108.39 1 0
github.com/quantmind-br/repodocs-go/internal/output/writer.go:112.84,113.27 1 0
github.com/quantmind-br/repodocs-go/internal/output/writer.go:113.27,114.10 1 0
github.com/quantmind-br/repodocs-go/internal/output/writer.go:115.21,116.20 1 0
github.com/quantmind-br/repodocs-go/internal/output/writer.go:117.11,118.44 1 0
github.com/quantmind-br/repodocs-go/internal/output/writer.go:118.44,120.5 1 0
github.com/quantmind-br/repodocs-go/internal/output/writer.go:123.2,123.12 1 0
github.com/quantmind-br/repodocs-go/internal/output/writer.go:127.45,129.2 1 0
github.com/quantmind-br/repodocs-go/internal/output/writer.go:132.42,136.2 3 0
github.com/quantmind-br/repodocs-go/internal/output/writer.go:139.40,141.2 1 0
github.com/quantmind-br/repodocs-go/internal/output/writer.go:144.32,146.2 1 0
github.com/quantmind-br/repodocs-go/internal/output/writer.go:149.46,153.87 3 0
github.com/quantmind-br/repodocs-go/internal/output/writer.go:153.87,154.17 1 0
github.com/quantmind-br/repodocs-go/internal/output/writer.go:154.17,156.4 1 0
github.com/quantmind-br/repodocs-go/internal/output/writer.go:157.3,157.51 1 0
github.com/quantmind-br/repodocs-go/internal/output/writer.go:157.51,160.4 2 0
github.com/quantmind-br/repodocs-go/internal/output/writer.go:161.3,161.13 1 0
github.com/quantmind-br/repodocs-go/internal/output/writer.go:164.2,164.25 1 0
github.com/quantmind-br/repodocs-go/cmd/repodocs/main.go:27.13,28.42 1 0
github.com/quantmind-br/repodocs-go/cmd/repodocs/main.go:28.42,31.3 2 0
github.com/quantmind-br/repodocs-go/cmd/repodocs/main.go:47.13,97.2 35 0
github.com/quantmind-br/repodocs-go/cmd/repodocs/main.go:99.19,100.19 1 0
github.com/quantmind-br/repodocs-go/cmd/repodocs/main.go:100.19,102.3 1 0
github.com/quantmind-br/repodocs-go/cmd/repodocs/main.go:105.51,108.13 2 0
github.com/quantmind-br/repodocs-go/cmd/repodocs/main.go:108.13,110.3 1 0
github.com/quantmind-br/repodocs-go/cmd/repodocs/main.go:111.2,119.16 3 0
github.com/quantmind-br/repodocs-go/cmd/repodocs/main.go:119.16,121.3 1 0
github.com/quantmind-br/repodocs-go/cmd/repodocs/main.go:124.2,124.20 1 0
github.com/quantmind-br/repodocs-go/cmd/repodocs/main.go:124.20,126.3 1 0
github.com/quantmind-br/repodocs-go/cmd/repodocs/main.go:128.2,133.35 2 0
github.com/quantmind-br/repodocs-go/cmd/repodocs/main.go:133.35,136.3 1 0
github.com/quantmind-br/repodocs-go/cmd/repodocs/main.go:136.8,139.3 1 0
github.com/quantmind-br/repodocs-go/cmd/repodocs/main.go:142.2,149.12 5 0
github.com/quantmind-br/repodocs-go/cmd/repodocs/main.go:149.12,153.3 3 0
github.com/quantmind-br/repodocs-go/cmd/repodocs/main.go:156.2,183.16 12 0
github.com/quantmind-br/repodocs-go/cmd/repodocs/main.go:183.16,185.3 1 0
github.com/quantmind-br/repodocs-go/cmd/repodocs/main.go:186.2,189.54 2 0
github.com/quantmind-br/repodocs-go/cmd/repodocs/main.go:189.54,191.3 1 0
github.com/quantmind-br/repodocs-go/cmd/repodocs/main.go:194.2,194.45 1 0
github.com/quantmind-br/repodocs-go/cmd/repodocs/main.go:201.54,207.22 4 0
github.com/quantmind-br/repodocs-go/cmd/repodocs/main.go:207.22,209.4 1 0
github.com/quantmind-br/repodocs-go/cmd/repodocs/main.go:209.9,212.4 2 0
github.com/quantmind-br/repodocs-go/cmd/repodocs/main.go:215.3,216.52 2 0
github.com/quantmind-br/repodocs-go/cmd/repodocs/main.go:216.52,218.4 1 0
github.com/quantmind-br/repodocs-go/cmd/repodocs/main.go:218.9,220.4 1 0
github.com/quantmind-br/repodocs-go/cmd/repodocs/main.go:223.3,224.30 2 0
github.com/quantmind-br/repodocs-go/cmd/repodocs/main.go:224.30,226.4 1 0
github.com/quantmind-br/repodocs-go/cmd/repodocs/main.go:226.9,229.4 2 0
github.com/quantmind-br/repodocs-go/cmd/repodocs/main.go:232.3,234.17 3 0
github.com/quantmind-br/repodocs-go/cmd/repodocs/main.go:234.17,236.4 1 0
github.com/quantmind-br/repodocs-go/cmd/repodocs/main.go:236.9,238.4 1 0
github.com/quantmind-br/repodocs-go/cmd/repodocs/main.go:241.3,243.30 3 0
github.com/quantmind-br/repodocs-go/cmd/repodocs/main.go:243.30,245.4 1 0
github.com/quantmind-br/repodocs-go/cmd/repodocs/main.go:245.9,247.4 1 0
github.com/quantmind-br/repodocs-go/cmd/repodocs/main.go:249.3,250.16 2 0
github.com/quantmind-br/repodocs-go/cmd/repodocs/main.go:250.16,252.4 1 0
github.com/quantmind-br/repodocs-go/cmd/repodocs/main.go:252.9,254.4 1 0
github.com/quantmind-br/repodocs-go/cmd/repodocs/main.go:255.3,255.13 1 0
github.com/quantmind-br/repodocs-go/cmd/repodocs/main.go:260.27,265.16 4 0
github.com/quantmind-br/repodocs-go/cmd/repodocs/main.go:265.16,267.3 1 0
github.com/quantmind-br/repodocs-go/cmd/repodocs/main.go:269.2,271.16 3 0
github.com/quantmind-br/repodocs-go/cmd/repodocs/main.go:271.16,273.3 1 0
github.com/quantmind-br/repodocs-go/cmd/repodocs/main.go:274.2,275.30 2 0
github.com/quantmind-br/repodocs-go/cmd/repodocs/main.go:279.27,296.29 2 0
github.com/quantmind-br/repodocs-go/cmd/repodocs/main.go:296.29,297.42 1 0
github.com/quantmind-br/repodocs-go/cmd/repodocs/main.go:297.42,299.4 1 0
github.com/quantmind-br/repodocs-go/cmd/repodocs/main.go:303.2,303.61 1 0
github.com/quantmind-br/repodocs-go/cmd/repodocs/main.go:303.61,305.3 1 0
github.com/quantmind-br/repodocs-go/cmd/repodocs/main.go:306.2,306.56 1 0
github.com/quantmind-br/repodocs-go/cmd/repodocs/main.go:306.56,308.3 1 0
github.com/quantmind-br/repodocs-go/cmd/repodocs/main.go:309.2,309.64 1 0
github.com/quantmind-br/repodocs-go/cmd/repodocs/main.go:309.64,311.3 1 0
github.com/quantmind-br/repodocs-go/cmd/repodocs/main.go:313.2,313.11 1 0
github.com/quantmind-br/repodocs-go/cmd/repodocs/main.go:317.35,320.16 3 0
github.com/quantmind-br/repodocs-go/cmd/repodocs/main.go:320.16,322.3 1 0
github.com/quantmind-br/repodocs-go/cmd/repodocs/main.go:323.2,325.13 3 0
github.com/quantmind-br/repodocs-go/cmd/repodocs/main.go:329.38,331.16 2 0
github.com/quantmind-br/repodocs-go/cmd/repodocs/main.go:331.16,333.3 1 0
github.com/quantmind-br/repodocs-go/cmd/repodocs/main.go:334.2,334.21 1 0
github.com/quantmind-br/repodocs-go/cmd/repodocs/main.go:340.47,342.3 1 0
github.com/quantmind-br/repodocs-go/internal/converter/encoding.go:15.44,20.58 2 0
github.com/quantmind-br/repodocs-go/internal/converter/encoding.go:20.58,22.3 1 0
github.com/quantmind-br/repodocs-go/internal/converter/encoding.go:25.2,26.16 2 0
github.com/quantmind-br/repodocs-go/internal/converter/encoding.go:26.16,28.3 1 0
github.com/quantmind-br/repodocs-go/internal/converter/encoding.go:31.2,31.16 1 0
github.com/quantmind-br/repodocs-go/internal/converter/encoding.go:35.49,39.55 2 0
github.com/quantmind-br/repodocs-go/internal/converter/encoding.go:39.55,44.71 3 0
github.com/quantmind-br/repodocs-go/internal/converter/encoding.go:44.71,46.4 1 0
github.com/quantmind-br/repodocs-go/internal/converter/encoding.go:49.3,49.43 1 0
github.com/quantmind-br/repodocs-go/internal/converter/encoding.go:49.43,51.65 2 0
github.com/quantmind-br/repodocs-go/internal/converter/encoding.go:51.65,52.10 1 0
github.com/quantmind-br/repodocs-go/internal/converter/encoding.go:56.3,56.18 1 0
github.com/quantmind-br/repodocs-go/internal/converter/encoding.go:56.18,58.4 1 0
github.com/quantmind-br/repodocs-go/internal/converter/encoding.go:61.2,61.11 1 0
github.com/quantmind-br/repodocs-go/internal/converter/encoding.go:65.52,69.37 2 0
github.com/quantmind-br/repodocs-go/internal/converter/encoding.go:69.37,71.3 1 0
github.com/quantmind-br/repodocs-go/internal/converter/encoding.go:74.2,75.16 2 0
github.com/quantmind-br/repodocs-go/internal/converter/encoding.go:75.16,78.3 1 0
github.com/quantmind-br/repodocs-go/internal/converter/encoding.go:81.2,82.27 2 0
github.com/quantmind-br/repodocs-go/internal/converter/encoding.go:86.34,89.2 2 0
github.com/quantmind-br/repodocs-go/internal/converter/encoding.go:92.64,94.2 1 0
github.com/quantmind-br/repodocs-go/internal/converter/encoding.go:97.24,98.11 1 0
github.com/quantmind-br/repodocs-go/internal/converter/encoding.go:98.11,100.3 1 0
github.com/quantmind-br/repodocs-go/internal/converter/encoding.go:101.2,101.10 1 0
github.com/quantmind-br/repodocs-go/internal/converter/markdown.go:27.47,33.2 1 0
github.com/quantmind-br/repodocs-go/internal/converter/markdown.go:36.68,40.2 1 0
github.com/quantmind-br/repodocs-go/internal/converter/markdown.go:43.66,46.16 2 0
github.com/quantmind-br/repodocs-go/internal/converter/markdown.go:46.16,48.3 1 0
github.com/quantmind-br/repodocs-go/internal/converter/markdown.go:51.2,53.22 2 0
github.com/quantmind-br/repodocs-go/internal/converter/markdown.go:57.67,59.45 1 0
github.com/quantmind-br/repodocs-go/internal/converter/markdown.go:59.45,61.3 1 0
github.com/quantmind-br/repodocs-go/internal/converter/markdown.go:64.2,66.17 2 0
github.com/quantmind-br/repodocs-go/internal/converter/markdown.go:70.64,73.16 3 0
github.com/quantmind-br/repodocs-go/internal/converter/markdown.go:73.16,75.3 1 0
github.com/quantmind-br/repodocs-go/internal/converter/markdown.go:77.2,77.57 1 0
github.com/quantmind-br/repodocs-go/internal/converter/markdown.go:81.76,83.16 2 0
github.com/quantmind-br/repodocs-go/internal/converter/markdown.go:83.16,85.3 1 0
github.com/quantmind-br/repodocs-go/internal/converter/markdown.go:87.2,87.36 1 0
github.com/quantmind-br/repodocs-go/internal/converter/markdown.go:91.34,94.2 2 0
github.com/quantmind-br/repodocs-go/internal/converter/markdown.go:97.34,99.2 1 0
github.com/quantmind-br/repodocs-go/internal/converter/markdown.go:102.44,134.2 15 0
github.com/quantmind-br/repodocs-go/internal/converter/markdown.go:137.47,147.2 5 0
github.com/quantmind-br/repodocs-go/internal/converter/pipeline.go:28.50,49.2 4 0
github.com/quantmind-br/repodocs-go/internal/converter/pipeline.go:52.106,55.16 2 0
github.com/quantmind-br/repodocs-go/internal/converter/pipeline.go:55.16,57.3 1 0
github.com/quantmind-br/repodocs-go/internal/converter/pipeline.go:58.2,62.16 3 0
github.com/quantmind-br/repodocs-go/internal/converter/pipeline.go:62.16,64.3 1 0
github.com/quantmind-br/repodocs-go/internal/converter/pipeline.go:67.2,68.16 2 0
github.com/quantmind-br/repodocs-go/internal/converter/pipeline.go:68.16,70.3 1 0
github.com/quantmind-br/repodocs-go/internal/converter/pipeline.go:73.2,74.16 2 0
github.com/quantmind-br/repodocs-go/internal/converter/pipeline.go:74.16,76.3 1 0
github.com/quantmind-br/repodocs-go/internal/converter/pipeline.go:79.2,80.16 2 0
github.com/quantmind-br/repodocs-go/internal/converter/pipeline.go:80.16,82.3 1 0
github.com/quantmind-br/repodocs-go/internal/converter/pipeline.go:84.2,112.22 9 0
github.com/quantmind-br/repodocs-go/internal/converter/pipeline.go:116.43,119.2 2 0
github.com/quantmind-br/repodocs-go/internal/converter/pipeline.go:122.68,127.2 2 0
github.com/quantmind-br/repodocs-go/internal/converter/pipeline.go:130.90,136.2 2 0
github.com/quantmind-br/repodocs-go/internal/converter/readability.go:23.57,25.2 1 0
github.com/quantmind-br/repodocs-go/internal/converter/readability.go:28.82,30.22 1 0
github.com/quantmind-br/repodocs-go/internal/converter/readability.go:30.22,32.3 1 0
github.com/quantmind-br/repodocs-go/internal/converter/readability.go:35.2,35.50 1 0
github.com/quantmind-br/repodocs-go/internal/converter/readability.go:39.94,41.16 2 0
github.com/quantmind-br/repodocs-go/internal/converter/readability.go:41.16,43.3 1 0
github.com/quantmind-br/repodocs-go/internal/converter/readability.go:46.2,47.27 2 0
github.com/quantmind-br/repodocs-go/internal/converter/readability.go:47.27,50.3 1 0
github.com/quantmind-br/repodocs-go/internal/converter/readability.go:53.2,57.16 3 0
github.com/quantmind-br/repodocs-go/internal/converter/readability.go:57.16,59.3 1 0
github.com/quantmind-br/repodocs-go/internal/converter/readability.go:61.2,61.32 1 0
github.com/quantmind-br/repodocs-go/internal/converter/readability.go:65.97,67.16 2 0
github.com/quantmind-br/repodocs-go/internal/converter/readability.go:67.16,69.3 1 0
github.com/quantmind-br/repodocs-go/internal/converter/readability.go:71.2,72.16 2 0
github.com/quantmind-br/repodocs-go/internal/converter/readability.go:72.16,75.3 1 0
github.com/quantmind-br/repodocs-go/internal/converter/readability.go:77.2,77.44 1 0
github.com/quantmind-br/repodocs-go/internal/converter/readability.go:81.75,83.16 2 0
github.com/quantmind-br/repodocs-go/internal/converter/readability.go:83.16,85.3 1 0
github.com/quantmind-br/repodocs-go/internal/converter/readability.go:87.2,91.24 3 0
github.com/quantmind-br/repodocs-go/internal/converter/readability.go:91.24,93.3 1 0
github.com/quantmind-br/repodocs-go/internal/converter/readability.go:95.2,96.16 2 0
github.com/quantmind-br/repodocs-go/internal/converter/readability.go:96.16,98.3 1 0
github.com/quantmind-br/repodocs-go/internal/converter/readability.go:100.2,100.29 1 0
github.com/quantmind-br/repodocs-go/internal/converter/readability.go:104.49,107.17 2 0
github.com/quantmind-br/repodocs-go/internal/converter/readability.go:107.17,109.3 1 0
github.com/quantmind-br/repodocs-go/internal/converter/readability.go:112.2,113.14 2 0
github.com/quantmind-br/repodocs-go/internal/converter/readability.go:113.14,115.3 1 0
github.com/quantmind-br/repodocs-go/internal/converter/readability.go:118.2,119.29 2 0
github.com/quantmind-br/repodocs-go/internal/converter/readability.go:119.29,121.3 1 0
github.com/quantmind-br/repodocs-go/internal/converter/readability.go:123.2,123.11 1 0
github.com/quantmind-br/repodocs-go/internal/converter/readability.go:127.55,130.26 2 0
github.com/quantmind-br/repodocs-go/internal/converter/readability.go:130.26,132.3 1 0
github.com/quantmind-br/repodocs-go/internal/converter/readability.go:135.2,136.28 2 0
github.com/quantmind-br/repodocs-go/internal/converter/readability.go:136.28,138.3 1 0
github.com/quantmind-br/repodocs-go/internal/converter/readability.go:140.2,140.11 1 0
github.com/quantmind-br/repodocs-go/internal/converter/readability.go:144.54,148.16 3 0
github.com/quantmind-br/repodocs-go/internal/converter/readability.go:148.16,150.3 1 0
github.com/quantmind-br/repodocs-go/internal/converter/readability.go:152.2,152.26 1 0
github.com/quantmind-br/repodocs-go/internal/converter/readability.go:152.26,154.58 2 0
github.com/quantmind-br/repodocs-go/internal/converter/readability.go:154.58,156.18 2 0
github.com/quantmind-br/repodocs-go/internal/converter/readability.go:156.18,158.5 1 0
github.com/quantmind-br/repodocs-go/internal/converter/readability.go:162.2,162.16 1 0
github.com/quantmind-br/repodocs-go/internal/converter/readability.go:166.50,170.16 3 0
github.com/quantmind-br/repodocs-go/internal/converter/readability.go:170.16,172.3 1 0
github.com/quantmind-br/repodocs-go/internal/converter/readability.go:174.2,176.63 2 0
github.com/quantmind-br/repodocs-go/internal/converter/readability.go:176.63,178.28 2 0
github.com/quantmind-br/repodocs-go/internal/converter/readability.go:178.28,180.4 1 0
github.com/quantmind-br/repodocs-go/internal/converter/readability.go:183.3,186.36 1 0
github.com/quantmind-br/repodocs-go/internal/converter/readability.go:186.36,188.4 1 0
github.com/quantmind-br/repodocs-go/internal/converter/readability.go:191.3,191.54 1 0
github.com/quantmind-br/repodocs-go/internal/converter/readability.go:191.54,193.18 2 0
github.com/quantmind-br/repodocs-go/internal/converter/readability.go:193.18,195.5 1 0
github.com/quantmind-br/repodocs-go/internal/converter/readability.go:198.3,198.30 1 0
github.com/quantmind-br/repodocs-go/internal/converter/readability.go:201.2,201.14 1 0
github.com/quantmind-br/repodocs-go/internal/converter/sanitizer.go:80.53,86.2 1 0
github.com/quantmind-br/repodocs-go/internal/converter/sanitizer.go:89.59,91.16 2 0
github.com/quantmind-br/repodocs-go/internal/converter/sanitizer.go:91.16,93.3 1 0
github.com/quantmind-br/repodocs-go/internal/converter/sanitizer.go:96.2,96.35 1 0
github.com/quantmind-br/repodocs-go/internal/converter/sanitizer.go:96.35,98.3 1 0
github.com/quantmind-br/repodocs-go/internal/converter/sanitizer.go:101.2,101.24 1 0
github.com/quantmind-br/repodocs-go/internal/converter/sanitizer.go:101.24,102.41 1 0
github.com/quantmind-br/repodocs-go/internal/converter/sanitizer.go:102.41,105.4 2 0
github.com/quantmind-br/repodocs-go/internal/converter/sanitizer.go:108.3,108.34 1 0
github.com/quantmind-br/repodocs-go/internal/converter/sanitizer.go:108.34,110.4 1 0
github.com/quantmind-br/repodocs-go/internal/converter/sanitizer.go:114.2,119.21 4 0
github.com/quantmind-br/repodocs-go/internal/converter/sanitizer.go:119.21,121.3 1 0
github.com/quantmind-br/repodocs-go/internal/converter/sanitizer.go:124.2,128.16 3 0
github.com/quantmind-br/repodocs-go/internal/converter/sanitizer.go:128.16,130.3 1 0
github.com/quantmind-br/repodocs-go/internal/converter/sanitizer.go:132.2,132.20 1 0
github.com/quantmind-br/repodocs-go/internal/converter/sanitizer.go:136.58,138.16 2 0
github.com/quantmind-br/repodocs-go/internal/converter/sanitizer.go:138.16,140.3 1 0
github.com/quantmind-br/repodocs-go/internal/converter/sanitizer.go:143.2,143.63 1 0
github.com/quantmind-br/repodocs-go/internal/converter/sanitizer.go:143.63,144.47 1 0
github.com/quantmind-br/repodocs-go/internal/converter/sanitizer.go:144.47,145.64 1 0
github.com/quantmind-br/repodocs-go/internal/converter/sanitizer.go:145.64,147.5 1 0
github.com/quantmind-br/repodocs-go/internal/converter/sanitizer.go:152.2,152.61 1 0
github.com/quantmind-br/repodocs-go/internal/converter/sanitizer.go:152.61,153.45 1 0
github.com/quantmind-br/repodocs-go/internal/converter/sanitizer.go:153.45,154.63 1 0
github.com/quantmind-br/repodocs-go/internal/converter/sanitizer.go:154.63,156.5 1 0
github.com/quantmind-br/repodocs-go/internal/converter/sanitizer.go:161.2,161.64 1 0
github.com/quantmind-br/repodocs-go/internal/converter/sanitizer.go:161.64,162.51 1 0
github.com/quantmind-br/repodocs-go/internal/converter/sanitizer.go:162.51,164.4 1 0
github.com/quantmind-br/repodocs-go/internal/converter/sanitizer.go:169.51,174.35 1 0
github.com/quantmind-br/repodocs-go/internal/converter/sanitizer.go:174.35,176.3 1 0
github.com/quantmind-br/repodocs-go/internal/converter/sanitizer.go:178.2,179.16 2 0
github.com/quantmind-br/repodocs-go/internal/converter/sanitizer.go:179.16,181.3 1 0
github.com/quantmind-br/repodocs-go/internal/converter/sanitizer.go:183.2,183.47 1 0
github.com/quantmind-br/repodocs-go/internal/converter/sanitizer.go:187.59,189.29 2 0
github.com/quantmind-br/repodocs-go/internal/converter/sanitizer.go:189.29,192.22 3 0
github.com/quantmind-br/repodocs-go/internal/converter/sanitizer.go:192.22,195.4 2 0
github.com/quantmind-br/repodocs-go/internal/converter/sanitizer.go:197.2,197.34 1 0
github.com/quantmind-br/repodocs-go/internal/converter/sanitizer.go:201.64,205.32 3 0
github.com/quantmind-br/repodocs-go/internal/converter/sanitizer.go:205.32,206.58 1 0
github.com/quantmind-br/repodocs-go/internal/converter/sanitizer.go:206.58,208.73 2 0
github.com/quantmind-br/repodocs-go/internal/converter/sanitizer.go:208.73,210.5 1 0
github.com/quantmind-br/repodocs-go/internal/renderer/detector.go:76.41,78.25 1 0
github.com/quantmind-br/repodocs-go/internal/renderer/detector.go:78.25,80.3 1 0
github.com/quantmind-br/repodocs-go/internal/renderer/detector.go:83.2,88.41 4 0
github.com/quantmind-br/repodocs-go/internal/renderer/detector.go:88.41,90.22 2 0
github.com/quantmind-br/repodocs-go/internal/renderer/detector.go:90.22,92.4 1 0
github.com/quantmind-br/repodocs-go/internal/renderer/detector.go:95.2,95.14 1 0
github.com/quantmind-br/repodocs-go/internal/renderer/detector.go:99.38,110.38 9 0
github.com/quantmind-br/repodocs-go/internal/renderer/detector.go:110.38,111.60 1 0
github.com/quantmind-br/repodocs-go/internal/renderer/detector.go:111.60,113.4 1 0
github.com/quantmind-br/repodocs-go/internal/renderer/detector.go:116.2,116.14 1 0
github.com/quantmind-br/repodocs-go/internal/renderer/detector.go:120.42,123.39 2 0
github.com/quantmind-br/repodocs-go/internal/renderer/detector.go:123.39,124.60 1 0
github.com/quantmind-br/repodocs-go/internal/renderer/detector.go:124.60,126.4 1 0
github.com/quantmind-br/repodocs-go/internal/renderer/detector.go:129.2,129.39 1 0
github.com/quantmind-br/repodocs-go/internal/renderer/detector.go:129.39,130.60 1 0
github.com/quantmind-br/repodocs-go/internal/renderer/detector.go:130.60,132.4 1 0
github.com/quantmind-br/repodocs-go/internal/renderer/detector.go:135.2,135.40 1 0
github.com/quantmind-br/repodocs-go/internal/renderer/detector.go:135.40,136.60 1 0
github.com/quantmind-br/repodocs-go/internal/renderer/detector.go:136.60,138.4 1 0
github.com/quantmind-br/repodocs-go/internal/renderer/detector.go:141.2,141.38 1 0
github.com/quantmind-br/repodocs-go/internal/renderer/detector.go:141.38,142.60 1 0
github.com/quantmind-br/repodocs-go/internal/renderer/detector.go:142.60,144.4 1 0
github.com/quantmind-br/repodocs-go/internal/renderer/detector.go:147.2,147.42 1 0
github.com/quantmind-br/repodocs-go/internal/renderer/detector.go:147.42,148.60 1 0
github.com/quantmind-br/repodocs-go/internal/renderer/detector.go:148.60,150.4 1 0
github.com/quantmind-br/repodocs-go/internal/renderer/detector.go:153.2,153.41 1 0
github.com/quantmind-br/repodocs-go/internal/renderer/detector.go:153.41,154.60 1 0
github.com/quantmind-br/repodocs-go/internal/renderer/detector.go:154.60,156.4 1 0
github.com/quantmind-br/repodocs-go/internal/renderer/detector.go:159.2,159.18 1 0
github.com/quantmind-br/repodocs-go/internal/renderer/detector.go:163.42,176.39 3 0
github.com/quantmind-br/repodocs-go/internal/renderer/detector.go:176.39,177.45 1 0
github.com/quantmind-br/repodocs-go/internal/renderer/detector.go:177.45,179.4 1 0
github.com/quantmind-br/repodocs-go/internal/renderer/detector.go:182.2,182.14 1 0
github.com/quantmind-br/repodocs-go/internal/renderer/pool.go:20.70,21.18 1 0
github.com/quantmind-br/repodocs-go/internal/renderer/pool.go:21.18,23.3 1 0
github.com/quantmind-br/repodocs-go/internal/renderer/pool.go:25.2,32.31 2 0
github.com/quantmind-br/repodocs-go/internal/renderer/pool.go:32.31,34.17 2 0
github.com/quantmind-br/repodocs-go/internal/renderer/pool.go:34.17,37.4 2 0
github.com/quantmind-br/repodocs-go/internal/renderer/pool.go:38.3,38.26 1 0
github.com/quantmind-br/repodocs-go/internal/renderer/pool.go:41.2,41.18 1 0
github.com/quantmind-br/repodocs-go/internal/renderer/pool.go:45.67,47.14 2 0
github.com/quantmind-br/repodocs-go/internal/renderer/pool.go:47.14,50.3 2 0
github.com/quantmind-br/repodocs-go/internal/renderer/pool.go:51.2,53.9 2 0
github.com/quantmind-br/repodocs-go/internal/renderer/pool.go:54.30,55.19 1 0
github.com/quantmind-br/repodocs-go/internal/renderer/pool.go:56.20,57.24 1 0
github.com/quantmind-br/repodocs-go/internal/renderer/pool.go:62.43,64.14 2 0
github.com/quantmind-br/repodocs-go/internal/renderer/pool.go:64.14,68.3 3 0
github.com/quantmind-br/repodocs-go/internal/renderer/pool.go:69.2,74.9 3 0
github.com/quantmind-br/repodocs-go/internal/renderer/pool.go:75.28,75.28 0 0
github.com/quantmind-br/repodocs-go/internal/renderer/pool.go:77.10,79.15 1 0
github.com/quantmind-br/repodocs-go/internal/renderer/pool.go:84.33,86.14 2 0
github.com/quantmind-br/repodocs-go/internal/renderer/pool.go:86.14,89.3 2 0
github.com/quantmind-br/repodocs-go/internal/renderer/pool.go:90.2,96.33 4 0
github.com/quantmind-br/repodocs-go/internal/renderer/pool.go:96.33,98.3 1 0
github.com/quantmind-br/repodocs-go/internal/renderer/pool.go:100.2,100.12 1 0
github.com/quantmind-br/repodocs-go/internal/renderer/pool.go:104.30,106.2 1 0
github.com/quantmind-br/repodocs-go/internal/renderer/pool.go:109.33,111.2 1 0
github.com/quantmind-br/repodocs-go/internal/renderer/pool.go:120.36,122.2 1 0
github.com/quantmind-br/repodocs-go/internal/renderer/rod.go:35.47,43.2 1 0
github.com/quantmind-br/repodocs-go/internal/renderer/rod.go:46.59,47.23 1 0
github.com/quantmind-br/repodocs-go/internal/renderer/rod.go:47.23,49.3 1 0
github.com/quantmind-br/repodocs-go/internal/renderer/rod.go:50.2,50.23 1 0
github.com/quantmind-br/repodocs-go/internal/renderer/rod.go:50.23,52.3 1 0
github.com/quantmind-br/repodocs-go/internal/renderer/rod.go:55.2,57.28 2 0
github.com/quantmind-br/repodocs-go/internal/renderer/rod.go:57.28,59.3 1 0
github.com/quantmind-br/repodocs-go/internal/renderer/rod.go:61.2,61.19 1 0
github.com/quantmind-br/repodocs-go/internal/renderer/rod.go:61.19,63.3 1 0
github.com/quantmind-br/repodocs-go/internal/renderer/rod.go:66.2,66.18 1 0
github.com/quantmind-br/repodocs-go/internal/renderer/rod.go:66.18,68.3 1 0
github.com/quantmind-br/repodocs-go/internal/renderer/rod.go:71.2,72.16 2 0
github.com/quantmind-br/repodocs-go/internal/renderer/rod.go:72.16,74.3 1 0
github.com/quantmind-br/repodocs-go/internal/renderer/rod.go:76.2,77.42 2 0
github.com/quantmind-br/repodocs-go/internal/renderer/rod.go:77.42,79.3 1 0
github.com/quantmind-br/repodocs-go/internal/renderer/rod.go:82.2,83.16 2 0
github.com/quantmind-br/repodocs-go/internal/renderer/rod.go:83.16,86.3 2 0
github.com/quantmind-br/repodocs-go/internal/renderer/rod.go:88.2,94.8 1 0
github.com/quantmind-br/repodocs-go/internal/renderer/rod.go:98.103,99.23 1 0
github.com/quantmind-br/repodocs-go/internal/renderer/rod.go:99.23,101.3 1 0
github.com/quantmind-br/repodocs-go/internal/renderer/rod.go:104.2,109.16 4 0
github.com/quantmind-br/repodocs-go/internal/renderer/rod.go:109.16,111.3 1 0
github.com/quantmind-br/repodocs-go/internal/renderer/rod.go:112.2,118.15 3 0
github.com/quantmind-br/repodocs-go/internal/renderer/rod.go:118.15,119.48 1 0
github.com/quantmind-br/repodocs-go/internal/renderer/rod.go:119.48,121.4 1 0
github.com/quantmind-br/repodocs-go/internal/renderer/rod.go:125.2,125.27 1 0
github.com/quantmind-br/repodocs-go/internal/renderer/rod.go:125.27,126.63 1 0
github.com/quantmind-br/repodocs-go/internal/renderer/rod.go:126.63,128.4 1 0
github.com/quantmind-br/repodocs-go/internal/renderer/rod.go:132.2,132.43 1 0
github.com/quantmind-br/repodocs-go/internal/renderer/rod.go:132.43,134.3 1 0
github.com/quantmind-br/repodocs-go/internal/renderer/rod.go:137.2,137.40 1 0
github.com/quantmind-br/repodocs-go/internal/renderer/rod.go:137.40,139.3 1 0
github.com/quantmind-br/repodocs-go/internal/renderer/rod.go:142.2,142.24 1 0
github.com/quantmind-br/repodocs-go/internal/renderer/rod.go:142.24,143.92 1 0
github.com/quantmind-br/repodocs-go/internal/renderer/rod.go:143.93,145.4 0 0
github.com/quantmind-br/repodocs-go/internal/renderer/rod.go:149.2,149.25 1 0
github.com/quantmind-br/repodocs-go/internal/renderer/rod.go:149.25,150.78 1 0
github.com/quantmind-br/repodocs-go/internal/renderer/rod.go:150.79,152.4 0 0
github.com/quantmind-br/repodocs-go/internal/renderer/rod.go:156.2,156.22 1 0
github.com/quantmind-br/repodocs-go/internal/renderer/rod.go:156.22,157.45 1 0
github.com/quantmind-br/repodocs-go/internal/renderer/rod.go:157.46,159.4 0 0
github.com/quantmind-br/repodocs-go/internal/renderer/rod.go:163.2,164.16 2 0
github.com/quantmind-br/repodocs-go/internal/renderer/rod.go:164.16,166.3 1 0
github.com/quantmind-br/repodocs-go/internal/renderer/rod.go:168.2,168.18 1 0
github.com/quantmind-br/repodocs-go/internal/renderer/rod.go:172.93,175.16 2 0
github.com/quantmind-br/repodocs-go/internal/renderer/rod.go:175.16,177.3 1 0
github.com/quantmind-br/repodocs-go/internal/renderer/rod.go:179.2,179.33 1 0
github.com/quantmind-br/repodocs-go/internal/renderer/rod.go:179.33,182.19 2 0
github.com/quantmind-br/repodocs-go/internal/renderer/rod.go:182.19,184.4 1 0
github.com/quantmind-br/repodocs-go/internal/renderer/rod.go:187.3,188.17 2 0
github.com/quantmind-br/repodocs-go/internal/renderer/rod.go:188.17,190.4 1 0
github.com/quantmind-br/repodocs-go/internal/renderer/rod.go:192.3,202.17 2 0
github.com/quantmind-br/repodocs-go/internal/renderer/rod.go:202.17,204.4 1 0
github.com/quantmind-br/repodocs-go/internal/renderer/rod.go:206.2,206.12 1 0
github.com/quantmind-br/repodocs-go/internal/renderer/rod.go:210.54,213.16 2 0
github.com/quantmind-br/repodocs-go/internal/renderer/rod.go:213.16,215.3 1 0
github.com/quantmind-br/repodocs-go/internal/renderer/rod.go:216.2,218.26 2 0
github.com/quantmind-br/repodocs-go/internal/renderer/rod.go:218.26,221.17 2 0
github.com/quantmind-br/repodocs-go/internal/renderer/rod.go:221.17,223.4 1 0
github.com/quantmind-br/repodocs-go/internal/renderer/rod.go:226.3,230.17 3 0
github.com/quantmind-br/repodocs-go/internal/renderer/rod.go:230.17,232.4 1 0
github.com/quantmind-br/repodocs-go/internal/renderer/rod.go:233.3,236.30 2 0
github.com/quantmind-br/repodocs-go/internal/renderer/rod.go:236.30,237.9 1 0
github.com/quantmind-br/repodocs-go/internal/renderer/rod.go:239.3,239.25 1 0
github.com/quantmind-br/repodocs-go/internal/renderer/rod.go:243.2,245.12 2 0
github.com/quantmind-br/repodocs-go/internal/renderer/rod.go:249.50,255.2 1 0
github.com/quantmind-br/repodocs-go/internal/renderer/rod.go:258.34,259.19 1 0
github.com/quantmind-br/repodocs-go/internal/renderer/rod.go:259.19,261.3 1 0
github.com/quantmind-br/repodocs-go/internal/renderer/rod.go:262.2,262.22 1 0
github.com/quantmind-br/repodocs-go/internal/renderer/rod.go:262.22,264.3 1 0
github.com/quantmind-br/repodocs-go/internal/renderer/rod.go:265.2,265.12 1 0
github.com/quantmind-br/repodocs-go/internal/renderer/rod.go:269.25,272.2 2 0
github.com/quantmind-br/repodocs-go/internal/renderer/rod.go:275.38,277.2 1 0
github.com/quantmind-br/repodocs-go/internal/renderer/rod.go:280.51,281.19 1 0
github.com/quantmind-br/repodocs-go/internal/renderer/rod.go:281.19,283.3 1 0
github.com/quantmind-br/repodocs-go/internal/renderer/rod.go:284.2,284.20 1 0
github.com/quantmind-br/repodocs-go/internal/renderer/stealth.go:10.59,12.16 2 0
github.com/quantmind-br/repodocs-go/internal/renderer/stealth.go:12.16,14.3 1 0
github.com/quantmind-br/repodocs-go/internal/renderer/stealth.go:15.2,15.18 1 0
github.com/quantmind-br/repodocs-go/internal/renderer/stealth.go:20.45,28.16 2 0
github.com/quantmind-br/repodocs-go/internal/renderer/stealth.go:28.16,30.3 1 0
github.com/quantmind-br/repodocs-go/internal/renderer/stealth.go:34.2,36.12 3 0
github.com/quantmind-br/repodocs-go/internal/renderer/stealth.go:52.45,59.2 1 0
github.com/quantmind-br/repodocs-go/internal/config/config.go:59.35,60.31 1 0
github.com/quantmind-br/repodocs-go/internal/config/config.go:60.31,62.3 1 0
github.com/quantmind-br/repodocs-go/internal/config/config.go:63.2,63.32 1 0
github.com/quantmind-br/repodocs-go/internal/config/config.go:63.32,65.3 1 0
github.com/quantmind-br/repodocs-go/internal/config/config.go:66.2,66.41 1 0
github.com/quantmind-br/repodocs-go/internal/config/config.go:66.41,68.3 1 0
github.com/quantmind-br/repodocs-go/internal/config/config.go:69.2,69.31 1 0
github.com/quantmind-br/repodocs-go/internal/config/config.go:69.31,71.3 1 0
github.com/quantmind-br/repodocs-go/internal/config/config.go:72.2,72.41 1 0
github.com/quantmind-br/repodocs-go/internal/config/config.go:72.41,74.3 1 0
github.com/quantmind-br/repodocs-go/internal/config/config.go:75.2,75.12 1 0
github.com/quantmind-br/repodocs-go/internal/config/defaults.go:47.25,49.16 2 0
github.com/quantmind-br/repodocs-go/internal/config/defaults.go:49.16,51.3 1 0
github.com/quantmind-br/repodocs-go/internal/config/defaults.go:52.2,52.41 1 0
github.com/quantmind-br/repodocs-go/internal/config/defaults.go:56.24,58.2 1 0
github.com/quantmind-br/repodocs-go/internal/config/defaults.go:61.30,63.2 1 0
github.com/quantmind-br/repodocs-go/internal/config/defaults.go:66.24,100.2 1 0
github.com/quantmind-br/repodocs-go/internal/config/loader.go:12.30,26.41 7 0
github.com/quantmind-br/repodocs-go/internal/config/loader.go:26.41,27.56 1 0
github.com/quantmind-br/repodocs-go/internal/config/loader.go:27.56,29.4 1 0
github.com/quantmind-br/repodocs-go/internal/config/loader.go:33.2,39.42 5 0
github.com/quantmind-br/repodocs-go/internal/config/loader.go:39.42,41.3 1 0
github.com/quantmind-br/repodocs-go/internal/config/loader.go:44.2,44.39 1 0
github.com/quantmind-br/repodocs-go/internal/config/loader.go:44.39,46.3 1 0
github.com/quantmind-br/repodocs-go/internal/config/loader.go:48.2,48.18 1 0
github.com/quantmind-br/repodocs-go/internal/config/loader.go:53.53,66.41 7 0
github.com/quantmind-br/repodocs-go/internal/config/loader.go:66.41,67.56 1 0
github.com/quantmind-br/repodocs-go/internal/config/loader.go:67.56,69.4 1 0
github.com/quantmind-br/repodocs-go/internal/config/loader.go:73.2,79.42 5 0
github.com/quantmind-br/repodocs-go/internal/config/loader.go:79.42,81.3 1 0
github.com/quantmind-br/repodocs-go/internal/config/loader.go:84.2,84.39 1 0
github.com/quantmind-br/repodocs-go/internal/config/loader.go:84.39,86.3 1 0
github.com/quantmind-br/repodocs-go/internal/config/loader.go:88.2,88.21 1 0
github.com/quantmind-br/repodocs-go/internal/config/loader.go:92.34,125.2 19 0
github.com/quantmind-br/repodocs-go/internal/config/loader.go:128.30,131.2 2 0
github.com/quantmind-br/repodocs-go/internal/config/loader.go:134.29,137.2 2 0
github.com/quantmind-br/repodocs-go/internal/domain/errors.go:54.37,55.22 1 0
github.com/quantmind-br/repodocs-go/internal/domain/errors.go:55.22,57.3 1 0
github.com/quantmind-br/repodocs-go/internal/domain/errors.go:58.2,58.60 1 0
github.com/quantmind-br/repodocs-go/internal/domain/errors.go:61.37,63.2 1 0
github.com/quantmind-br/repodocs-go/internal/domain/errors.go:66.71,72.2 1 0
github.com/quantmind-br/repodocs-go/internal/domain/errors.go:80.41,81.22 1 0
github.com/quantmind-br/repodocs-go/internal/domain/errors.go:81.22,83.3 1 0
github.com/quantmind-br/repodocs-go/internal/domain/errors.go:84.2,84.50 1 0
github.com/quantmind-br/repodocs-go/internal/domain/errors.go:87.41,89.2 1 0
github.com/quantmind-br/repodocs-go/internal/domain/errors.go:92.34,94.32 2 0
github.com/quantmind-br/repodocs-go/internal/domain/errors.go:94.32,96.3 1 0
github.com/quantmind-br/repodocs-go/internal/domain/errors.go:98.2,99.31 2 0
github.com/quantmind-br/repodocs-go/internal/domain/errors.go:99.31,101.30 1 0
github.com/quantmind-br/repodocs-go/internal/domain/errors.go:102.27,103.15 1 0
github.com/quantmind-br/repodocs-go/internal/domain/errors.go:106.3,106.63 1 0
github.com/quantmind-br/repodocs-go/internal/domain/errors.go:106.63,108.4 1 0
github.com/quantmind-br/repodocs-go/internal/domain/errors.go:111.2,111.69 1 0
github.com/quantmind-br/repodocs-go/internal/domain/errors.go:120.42,122.2 1 0
github.com/quantmind-br/repodocs-go/internal/domain/errors.go:125.65,130.2 1 0
github.com/quantmind-br/repodocs-go/internal/domain/errors.go:139.40,141.2 1 0
github.com/quantmind-br/repodocs-go/internal/domain/errors.go:143.40,145.2 1 0
github.com/quantmind-br/repodocs-go/internal/domain/errors.go:148.71,154.2 1 0
github.com/quantmind-br/repodocs-go/internal/domain/models.go:84.43,99.2 1 0
github.com/quantmind-br/repodocs-go/internal/domain/models.go:112.49,121.2 1 0
github.com/quantmind-br/repodocs-go/internal/fetcher/client.go:39.43,48.2 1 0
github.com/quantmind-br/repodocs-go/internal/fetcher/client.go:51.53,52.23 1 0
github.com/quantmind-br/repodocs-go/internal/fetcher/client.go:52.23,54.3 1 0
github.com/quantmind-br/repodocs-go/internal/fetcher/client.go:57.2,64.25 2 0
github.com/quantmind-br/repodocs-go/internal/fetcher/client.go:64.25,66.3 1 0
github.com/quantmind-br/repodocs-go/internal/fetcher/client.go:68.2,69.16 2 0
github.com/quantmind-br/repodocs-go/internal/fetcher/client.go:69.16,71.3 1 0
github.com/quantmind-br/repodocs-go/internal/fetcher/client.go:74.2,88.8 2 0
github.com/quantmind-br/repodocs-go/internal/fetcher/client.go:92.81,94.2 1 0
github.com/quantmind-br/repodocs-go/internal/fetcher/client.go:97.124,99.38 1 0
github.com/quantmind-br/repodocs-go/internal/fetcher/client.go:99.38,101.34 2 0
github.com/quantmind-br/repodocs-go/internal/fetcher/client.go:101.34,103.4 1 0
github.com/quantmind-br/repodocs-go/internal/fetcher/client.go:107.2,108.43 2 0
github.com/quantmind-br/repodocs-go/internal/fetcher/client.go:108.43,112.3 3 0
github.com/quantmind-br/repodocs-go/internal/fetcher/client.go:114.2,114.16 1 0
github.com/quantmind-br/repodocs-go/internal/fetcher/client.go:114.16,116.3 1 0
github.com/quantmind-br/repodocs-go/internal/fetcher/client.go:119.2,119.53 1 0
github.com/quantmind-br/repodocs-go/internal/fetcher/client.go:119.53,121.3 1 0
github.com/quantmind-br/repodocs-go/internal/fetcher/client.go:123.2,123.18 1 0
github.com/quantmind-br/repodocs-go/internal/fetcher/client.go:127.125,130.16 2 0
github.com/quantmind-br/repodocs-go/internal/fetcher/client.go:130.16,132.3 1 0
github.com/quantmind-br/repodocs-go/internal/fetcher/client.go:135.2,136.28 2 0
github.com/quantmind-br/repodocs-go/internal/fetcher/client.go:136.28,138.3 1 0
github.com/quantmind-br/repodocs-go/internal/fetcher/client.go:141.2,141.33 1 0
github.com/quantmind-br/repodocs-go/internal/fetcher/client.go:141.33,143.3 1 0
github.com/quantmind-br/repodocs-go/internal/fetcher/client.go:146.2,147.16 2 0
github.com/quantmind-br/repodocs-go/internal/fetcher/client.go:147.16,152.3 1 0
github.com/quantmind-br/repodocs-go/internal/fetcher/client.go:153.2,156.28 2 0
github.com/quantmind-br/repodocs-go/internal/fetcher/client.go:156.28,157.41 1 0
github.com/quantmind-br/repodocs-go/internal/fetcher/client.go:157.41,162.4 1 0
github.com/quantmind-br/repodocs-go/internal/fetcher/client.go:163.3,167.4 1 0
github.com/quantmind-br/repodocs-go/internal/fetcher/client.go:171.2,172.16 2 0
github.com/quantmind-br/repodocs-go/internal/fetcher/client.go:172.16,174.3 1 0
github.com/quantmind-br/repodocs-go/internal/fetcher/client.go:177.2,178.32 2 0
github.com/quantmind-br/repodocs-go/internal/fetcher/client.go:178.32,180.3 1 0
github.com/quantmind-br/repodocs-go/internal/fetcher/client.go:182.2,189.8 1 0
github.com/quantmind-br/repodocs-go/internal/fetcher/client.go:193.59,195.16 2 0
github.com/quantmind-br/repodocs-go/internal/fetcher/client.go:195.16,197.3 1 0
github.com/quantmind-br/repodocs-go/internal/fetcher/client.go:198.2,200.33 3 0
github.com/quantmind-br/repodocs-go/internal/fetcher/client.go:200.33,210.3 1 0
github.com/quantmind-br/repodocs-go/internal/fetcher/client.go:211.2,211.15 1 0
github.com/quantmind-br/repodocs-go/internal/fetcher/client.go:215.32,218.2 1 0
github.com/quantmind-br/repodocs-go/internal/fetcher/client.go:221.90,222.20 1 0
github.com/quantmind-br/repodocs-go/internal/fetcher/client.go:222.20,224.3 1 0
github.com/quantmind-br/repodocs-go/internal/fetcher/client.go:226.2,227.16 2 0
github.com/quantmind-br/repodocs-go/internal/fetcher/client.go:227.16,229.3 1 0
github.com/quantmind-br/repodocs-go/internal/fetcher/client.go:231.2,237.8 1 0
github.com/quantmind-br/repodocs-go/internal/fetcher/client.go:241.92,242.20 1 0
github.com/quantmind-br/repodocs-go/internal/fetcher/client.go:242.20,244.3 1 0
github.com/quantmind-br/repodocs-go/internal/fetcher/client.go:245.2,245.53 1 0
github.com/quantmind-br/repodocs-go/internal/fetcher/client.go:249.47,251.2 1 0
github.com/quantmind-br/repodocs-go/internal/fetcher/client.go:254.48,256.2 1 0
github.com/quantmind-br/repodocs-go/internal/fetcher/retry.go:28.45,35.2 1 0
github.com/quantmind-br/repodocs-go/internal/fetcher/retry.go:38.47,39.26 1 0
github.com/quantmind-br/repodocs-go/internal/fetcher/retry.go:39.26,41.3 1 0
github.com/quantmind-br/repodocs-go/internal/fetcher/retry.go:42.2,42.31 1 0
github.com/quantmind-br/repodocs-go/internal/fetcher/retry.go:42.31,44.3 1 0
github.com/quantmind-br/repodocs-go/internal/fetcher/retry.go:45.2,45.27 1 0
github.com/quantmind-br/repodocs-go/internal/fetcher/retry.go:45.27,47.3 1 0
github.com/quantmind-br/repodocs-go/internal/fetcher/retry.go:48.2,48.26 1 0
github.com/quantmind-br/repodocs-go/internal/fetcher/retry.go:48.26,50.3 1 0
github.com/quantmind-br/repodocs-go/internal/fetcher/retry.go:52.2,57.3 1 0
github.com/quantmind-br/repodocs-go/internal/fetcher/retry.go:61.48,70.2 7 0
github.com/quantmind-br/repodocs-go/internal/fetcher/retry.go:73.76,77.36 3 0
github.com/quantmind-br/repodocs-go/internal/fetcher/retry.go:77.36,79.17 2 0
github.com/quantmind-br/repodocs-go/internal/fetcher/retry.go:79.17,81.4 1 0
github.com/quantmind-br/repodocs-go/internal/fetcher/retry.go:84.3,84.31 1 0
github.com/quantmind-br/repodocs-go/internal/fetcher/retry.go:84.31,86.4 1 0
github.com/quantmind-br/repodocs-go/internal/fetcher/retry.go:88.3,88.13 1 0
github.com/quantmind-br/repodocs-go/internal/fetcher/retry.go:93.101,100.36 5 0
github.com/quantmind-br/repodocs-go/internal/fetcher/retry.go:100.36,103.17 3 0
github.com/quantmind-br/repodocs-go/internal/fetcher/retry.go:103.17,105.4 1 0
github.com/quantmind-br/repodocs-go/internal/fetcher/retry.go:107.3,110.31 2 0
github.com/quantmind-br/repodocs-go/internal/fetcher/retry.go:110.31,112.4 1 0
github.com/quantmind-br/repodocs-go/internal/fetcher/retry.go:114.3,114.13 1 0
github.com/quantmind-br/repodocs-go/internal/fetcher/retry.go:117.2,117.16 1 0
github.com/quantmind-br/repodocs-go/internal/fetcher/retry.go:117.16,119.3 1 0
github.com/quantmind-br/repodocs-go/internal/fetcher/retry.go:121.2,121.20 1 0
github.com/quantmind-br/repodocs-go/internal/fetcher/retry.go:125.45,126.20 1 0
github.com/quantmind-br/repodocs-go/internal/fetcher/retry.go:127.11,128.14 1 0
github.com/quantmind-br/repodocs-go/internal/fetcher/retry.go:129.11,130.14 1 0
github.com/quantmind-br/repodocs-go/internal/fetcher/retry.go:131.11,132.14 1 0
github.com/quantmind-br/repodocs-go/internal/fetcher/retry.go:133.11,134.14 1 0
github.com/quantmind-br/repodocs-go/internal/fetcher/retry.go:138.2,138.44 1 0
github.com/quantmind-br/repodocs-go/internal/fetcher/retry.go:138.44,140.3 1 0
github.com/quantmind-br/repodocs-go/internal/fetcher/retry.go:142.2,142.14 1 0
github.com/quantmind-br/repodocs-go/internal/fetcher/retry.go:146.55,147.22 1 0
github.com/quantmind-br/repodocs-go/internal/fetcher/retry.go:147.22,149.3 1 0
github.com/quantmind-br/repodocs-go/internal/fetcher/retry.go:152.2,153.83 2 0
github.com/quantmind-br/repodocs-go/internal/fetcher/retry.go:153.83,155.3 1 0
github.com/quantmind-br/repodocs-go/internal/fetcher/retry.go:159.2,159.10 1 0
github.com/quantmind-br/repodocs-go/internal/fetcher/retry.go:163.61,165.22 2 0
github.com/quantmind-br/repodocs-go/internal/fetcher/retry.go:165.22,166.25 1 0
github.com/quantmind-br/repodocs-go/internal/fetcher/retry.go:166.25,167.9 1 0
github.com/quantmind-br/repodocs-go/internal/fetcher/retry.go:169.3,169.24 1 0
github.com/quantmind-br/repodocs-go/internal/fetcher/retry.go:171.2,172.15 2 0
github.com/quantmind-br/repodocs-go/internal/fetcher/stealth.go:55.13,57.2 1 0
github.com/quantmind-br/repodocs-go/internal/fetcher/stealth.go:60.31,62.2 1 0
github.com/quantmind-br/repodocs-go/internal/fetcher/stealth.go:65.36,67.2 1 0
github.com/quantmind-br/repodocs-go/internal/fetcher/stealth.go:70.37,72.2 1 0
github.com/quantmind-br/repodocs-go/internal/fetcher/stealth.go:75.57,76.21 1 0
github.com/quantmind-br/repodocs-go/internal/fetcher/stealth.go:76.21,78.3 1 0
github.com/quantmind-br/repodocs-go/internal/fetcher/stealth.go:80.2,95.25 2 0
github.com/quantmind-br/repodocs-go/internal/fetcher/stealth.go:95.25,99.3 3 0
github.com/quantmind-br/repodocs-go/internal/fetcher/stealth.go:101.2,101.16 1 0
github.com/quantmind-br/repodocs-go/internal/fetcher/stealth.go:105.38,107.2 1 0
github.com/quantmind-br/repodocs-go/internal/fetcher/stealth.go:110.38,111.43 1 0
github.com/quantmind-br/repodocs-go/internal/fetcher/stealth.go:111.43,112.35 1 0
github.com/quantmind-br/repodocs-go/internal/fetcher/stealth.go:112.35,114.4 1 0
[...]
github.com/quantmind-br/repodocs-go/internal/utils/url.go:125.47,127.2 1 0
github.com/quantmind-br/repodocs-go/internal/utils/url.go:130.40,132.37 1 0
github.com/quantmind-br/repodocs-go/internal/utils/url.go:132.37,134.3 1 0
github.com/quantmind-br/repodocs-go/internal/utils/url.go:136.2,137.16 2 0
github.com/quantmind-br/repodocs-go/internal/utils/url.go:137.16,139.3 1 0
github.com/quantmind-br/repodocs-go/internal/utils/url.go:140.2,140.18 1 0
github.com/quantmind-br/repodocs-go/internal/utils/url.go:144.36,146.16 2 0
github.com/quantmind-br/repodocs-go/internal/utils/url.go:146.16,148.3 1 0
github.com/quantmind-br/repodocs-go/internal/utils/url.go:149.2,149.50 1 0
github.com/quantmind-br/repodocs-go/internal/utils/url.go:153.35,159.2 1 0
github.com/quantmind-br/repodocs-go/internal/utils/url.go:162.39,167.2 2 0
github.com/quantmind-br/repodocs-go/internal/utils/url.go:170.36,174.2 2 0
github.com/quantmind-br/repodocs-go/internal/utils/url.go:177.40,179.2 1 0
github.com/quantmind-br/repodocs-go/internal/utils/url.go:183.50,188.32 4 0
github.com/quantmind-br/repodocs-go/internal/utils/url.go:188.32,189.21 1 0
github.com/quantmind-br/repodocs-go/internal/utils/url.go:189.21,195.37 2 0
github.com/quantmind-br/repodocs-go/internal/utils/url.go:195.37,196.13 1 0
github.com/quantmind-br/repodocs-go/internal/utils/url.go:200.4,200.28 1 0
github.com/quantmind-br/repodocs-go/internal/utils/url.go:200.28,202.19 2 0
github.com/quantmind-br/repodocs-go/internal/utils/url.go:202.19,203.14 1 0
github.com/quantmind-br/repodocs-go/internal/utils/url.go:205.5,205.20 1 0
github.com/quantmind-br/repodocs-go/internal/utils/url.go:208.4,208.31 1 0
github.com/quantmind-br/repodocs-go/internal/utils/url.go:212.2,212.14 1 0
github.com/quantmind-br/repodocs-go/internal/utils/url.go:221.53,223.16 2 0
github.com/quantmind-br/repodocs-go/internal/utils/url.go:223.16,225.3 1 0
github.com/quantmind-br/repodocs-go/internal/utils/url.go:227.2,231.52 3 0
github.com/quantmind-br/repodocs-go/internal/utils/url.go:231.52,233.3 1 0
github.com/quantmind-br/repodocs-go/internal/utils/url.go:235.2,240.43 2 0
github.com/quantmind-br/repodocs-go/internal/utils/url.go:240.43,243.22 2 0
github.com/quantmind-br/repodocs-go/internal/utils/url.go:243.22,248.4 2 0
github.com/quantmind-br/repodocs-go/internal/utils/url.go:248.9,248.47 1 0
github.com/quantmind-br/repodocs-go/internal/utils/url.go:248.47,250.4 1 0
github.com/quantmind-br/repodocs-go/internal/utils/url.go:254.2,254.56 1 0
github.com/quantmind-br/repodocs-go/internal/utils/url.go:254.56,257.21 2 0
github.com/quantmind-br/repodocs-go/internal/utils/url.go:257.21,259.41 1 0
github.com/quantmind-br/repodocs-go/internal/utils/url.go:259.41,260.59 1 0
github.com/quantmind-br/repodocs-go/internal/utils/url.go:260.59,262.11 2 0
github.com/quantmind-br/repodocs-go/internal/utils/url.go:266.4,266.36 1 0
github.com/quantmind-br/repodocs-go/internal/utils/url.go:266.36,268.5 1 0
github.com/quantmind-br/repodocs-go/internal/utils/url.go:273.2,273.16 1 0
github.com/quantmind-br/repodocs-go/internal/utils/url.go:273.16,279.3 2 0
github.com/quantmind-br/repodocs-go/internal/utils/url.go:282.2,282.16 1 0
github.com/quantmind-br/repodocs-go/internal/utils/url.go:282.16,284.3 1 0
github.com/quantmind-br/repodocs-go/internal/utils/url.go:287.2,289.23 2 0
github.com/quantmind-br/repodocs-go/internal/utils/url.go:293.42,296.39 2 0
github.com/quantmind-br/repodocs-go/internal/utils/url.go:296.39,297.79 1 0
github.com/quantmind-br/repodocs-go/internal/utils/url.go:297.79,299.4 1 0
github.com/quantmind-br/repodocs-go/internal/utils/url.go:301.2,301.24 1 0
github.com/quantmind-br/repodocs-go/internal/utils/url.go:307.49,308.19 1 0
github.com/quantmind-br/repodocs-go/internal/utils/url.go:308.19,310.3 1 0
github.com/quantmind-br/repodocs-go/internal/utils/url.go:312.2,313.16 2 0
github.com/quantmind-br/repodocs-go/internal/utils/url.go:313.16,315.3 1 0
github.com/quantmind-br/repodocs-go/internal/utils/url.go:317.2,318.16 2 0
github.com/quantmind-br/repodocs-go/internal/utils/url.go:318.16,320.3 1 0
github.com/quantmind-br/repodocs-go/internal/utils/url.go:323.2,323.76 1 0
github.com/quantmind-br/repodocs-go/internal/utils/url.go:323.76,325.3 1 0
github.com/quantmind-br/repodocs-go/internal/utils/url.go:328.2,332.39 3 0
github.com/quantmind-br/repodocs-go/internal/utils/url.go:332.39,334.3 1 0
github.com/quantmind-br/repodocs-go/internal/utils/url.go:336.2,336.78 1 0
github.com/quantmind-br/repodocs-go/internal/utils/url.go:340.69,342.42 2 0
github.com/quantmind-br/repodocs-go/internal/utils/url.go:342.42,344.17 2 0
github.com/quantmind-br/repodocs-go/internal/utils/url.go:344.17,345.12 1 0
github.com/quantmind-br/repodocs-go/internal/utils/url.go:347.3,347.32 1 0
github.com/quantmind-br/repodocs-go/internal/utils/url.go:350.2,351.29 2 0
github.com/quantmind-br/repodocs-go/internal/utils/url.go:351.29,353.30 2 0
github.com/quantmind-br/repodocs-go/internal/utils/url.go:353.30,354.28 1 0
github.com/quantmind-br/repodocs-go/internal/utils/url.go:354.28,356.10 2 0
github.com/quantmind-br/repodocs-go/internal/utils/url.go:359.3,359.16 1 0
github.com/quantmind-br/repodocs-go/internal/utils/url.go:359.16,361.4 1 0
github.com/quantmind-br/repodocs-go/internal/utils/url.go:364.2,364.17 1 0
github.com/quantmind-br/repodocs-go/internal/utils/workerpool.go:29.61,36.2 1 0
github.com/quantmind-br/repodocs-go/internal/utils/workerpool.go:39.46,40.33 1 0
github.com/quantmind-br/repodocs-go/internal/utils/workerpool.go:40.33,43.3 2 0
github.com/quantmind-br/repodocs-go/internal/utils/workerpool.go:47.50,50.6 2 0
github.com/quantmind-br/repodocs-go/internal/utils/workerpool.go:50.6,51.10 1 0
github.com/quantmind-br/repodocs-go/internal/utils/workerpool.go:52.21,53.10 1 0
github.com/quantmind-br/repodocs-go/internal/utils/workerpool.go:54.34,55.11 1 0
github.com/quantmind-br/repodocs-go/internal/utils/workerpool.go:55.11,57.5 1 0
github.com/quantmind-br/repodocs-go/internal/utils/workerpool.go:58.4,62.11 4 0
github.com/quantmind-br/repodocs-go/internal/utils/workerpool.go:63.30,63.30 0 0
github.com/quantmind-br/repodocs-go/internal/utils/workerpool.go:64.22,65.11 1 0
github.com/quantmind-br/repodocs-go/internal/utils/workerpool.go:72.34,74.2 1 0
github.com/quantmind-br/repodocs-go/internal/utils/workerpool.go:77.45,79.2 1 0
github.com/quantmind-br/repodocs-go/internal/utils/workerpool.go:82.26,83.23 1 0
github.com/quantmind-br/repodocs-go/internal/utils/workerpool.go:83.23,87.3 3 0
github.com/quantmind-br/repodocs-go/internal/utils/workerpool.go:91.79,93.21 1 0
github.com/quantmind-br/repodocs-go/internal/utils/workerpool.go:93.21,95.3 1 0
github.com/quantmind-br/repodocs-go/internal/utils/workerpool.go:97.2,100.12 2 0
github.com/quantmind-br/repodocs-go/internal/utils/workerpool.go:100.12,101.30 1 0
github.com/quantmind-br/repodocs-go/internal/utils/workerpool.go:101.30,102.11 1 0
github.com/quantmind-br/repodocs-go/internal/utils/workerpool.go:103.22,104.11 1 0
github.com/quantmind-br/repodocs-go/internal/utils/workerpool.go:105.12,106.19 1 0
github.com/quantmind-br/repodocs-go/internal/utils/workerpool.go:109.3,109.21 1 0
github.com/quantmind-br/repodocs-go/internal/utils/workerpool.go:113.2,115.19 3 0
github.com/quantmind-br/repodocs-go/internal/utils/workerpool.go:115.19,116.10 1 0
github.com/quantmind-br/repodocs-go/internal/utils/workerpool.go:117.21,118.22 1 0
github.com/quantmind-br/repodocs-go/internal/utils/workerpool.go:119.35,120.11 1 0
github.com/quantmind-br/repodocs-go/internal/utils/workerpool.go:120.11,122.5 1 0
github.com/quantmind-br/repodocs-go/internal/utils/workerpool.go:122.10,124.35 2 0
github.com/quantmind-br/repodocs-go/internal/utils/workerpool.go:124.35,126.6 1 0
github.com/quantmind-br/repodocs-go/internal/utils/workerpool.go:131.2,134.12 2 0
github.com/quantmind-br/repodocs-go/internal/utils/workerpool.go:134.12,135.26 1 0
github.com/quantmind-br/repodocs-go/internal/utils/workerpool.go:135.27,136.4 0 0
github.com/quantmind-br/repodocs-go/internal/utils/workerpool.go:138.2,141.22 2 0
github.com/quantmind-br/repodocs-go/internal/utils/workerpool.go:141.22,143.3 1 0
github.com/quantmind-br/repodocs-go/internal/utils/workerpool.go:145.2,145.21 1 0
github.com/quantmind-br/repodocs-go/internal/utils/workerpool.go:155.45,157.2 1 0
github.com/quantmind-br/repodocs-go/internal/utils/workerpool.go:160.92,166.33 4 0
github.com/quantmind-br/repodocs-go/internal/utils/workerpool.go:166.33,168.13 2 0
github.com/quantmind-br/repodocs-go/internal/utils/workerpool.go:168.13,170.8 2 0
github.com/quantmind-br/repodocs-go/internal/utils/workerpool.go:170.8,171.12 1 0
github.com/quantmind-br/repodocs-go/internal/utils/workerpool.go:172.23,173.12 1 0
github.com/quantmind-br/repodocs-go/internal/utils/workerpool.go:174.32,175.13 1 0
github.com/quantmind-br/repodocs-go/internal/utils/workerpool.go:175.13,177.7 1 0
github.com/quantmind-br/repodocs-go/internal/utils/workerpool.go:178.6,181.17 4 0
github.com/quantmind-br/repodocs-go/internal/utils/workerpool.go:188.2,188.23 1 0
github.com/quantmind-br/repodocs-go/internal/utils/workerpool.go:188.23,189.10 1 0
github.com/quantmind-br/repodocs-go/internal/utils/workerpool.go:190.21,193.17 3 0
github.com/quantmind-br/repodocs-go/internal/utils/workerpool.go:194.22,194.22 0 0
github.com/quantmind-br/repodocs-go/internal/utils/workerpool.go:198.2,201.15 3 0
github.com/quantmind-br/repodocs-go/internal/utils/workerpool.go:205.117,206.18 1 0
github.com/quantmind-br/repodocs-go/internal/utils/workerpool.go:206.18,208.3 1 0
github.com/quantmind-br/repodocs-go/internal/utils/workerpool.go:209.2,209.26 1 0
github.com/quantmind-br/repodocs-go/internal/utils/workerpool.go:209.26,211.3 1 0
github.com/quantmind-br/repodocs-go/internal/utils/workerpool.go:213.2,219.31 5 0
github.com/quantmind-br/repodocs-go/internal/utils/workerpool.go:219.31,221.13 2 0
github.com/quantmind-br/repodocs-go/internal/utils/workerpool.go:221.13,223.8 2 0
github.com/quantmind-br/repodocs-go/internal/utils/workerpool.go:223.8,224.12 1 0
github.com/quantmind-br/repodocs-go/internal/utils/workerpool.go:225.23,226.12 1 0
github.com/quantmind-br/repodocs-go/internal/utils/workerpool.go:227.32,228.13 1 0
github.com/quantmind-br/repodocs-go/internal/utils/workerpool.go:228.13,230.7 1 0
github.com/quantmind-br/repodocs-go/internal/utils/workerpool.go:231.6,234.17 4 0
github.com/quantmind-br/repodocs-go/internal/utils/workerpool.go:241.2,241.23 1 0
github.com/quantmind-br/repodocs-go/internal/utils/workerpool.go:241.23,242.10 1 0
github.com/quantmind-br/repodocs-go/internal/utils/workerpool.go:243.21,246.17 3 0
github.com/quantmind-br/repodocs-go/internal/utils/workerpool.go:247.22,247.22 0 0
github.com/quantmind-br/repodocs-go/internal/utils/workerpool.go:251.2,254.15 3 0
github.com/quantmind-br/repodocs-go/internal/utils/workerpool.go:258.39,259.29 1 0
github.com/quantmind-br/repodocs-go/internal/utils/workerpool.go:259.29,260.17 1 0
github.com/quantmind-br/repodocs-go/internal/utils/workerpool.go:260.17,262.4 1 0
github.com/quantmind-br/repodocs-go/internal/utils/workerpool.go:264.2,264.12 1 0
github.com/quantmind-br/repodocs-go/internal/utils/workerpool.go:268.44,270.29 2 0
github.com/quantmind-br/repodocs-go/internal/utils/workerpool.go:270.29,271.17 1 0
github.com/quantmind-br/repodocs-go/internal/utils/workerpool.go:271.17,273.4 1 0
github.com/quantmind-br/repodocs-go/internal/utils/workerpool.go:275.2,275.15 1 0
github.com/quantmind-br/repodocs-go/tests/mocks/domain.go:35.61,39.2 3 0
github.com/quantmind-br/repodocs-go/tests/mocks/domain.go:42.59,44.2 1 0
github.com/quantmind-br/repodocs-go/tests/mocks/domain.go:47.51,52.2 4 0
github.com/quantmind-br/repodocs-go/tests/mocks/domain.go:55.69,58.2 2 0
github.com/quantmind-br/repodocs-go/tests/mocks/domain.go:61.100,66.2 4 0
github.com/quantmind-br/repodocs-go/tests/mocks/domain.go:69.78,72.2 2 0
github.com/quantmind-br/repodocs-go/tests/mocks/domain.go:75.38,80.2 4 0
github.com/quantmind-br/repodocs-go/tests/mocks/domain.go:83.57,86.2 2 0
github.com/quantmind-br/repodocs-go/tests/mocks/domain.go:101.59,105.2 3 0
github.com/quantmind-br/repodocs-go/tests/mocks/domain.go:108.57,110.2 1 0
github.com/quantmind-br/repodocs-go/tests/mocks/domain.go:113.37,118.2 4 0
github.com/quantmind-br/repodocs-go/tests/mocks/domain.go:121.57,124.2 2 0
github.com/quantmind-br/repodocs-go/tests/mocks/domain.go:127.86,133.2 5 0
github.com/quantmind-br/repodocs-go/tests/mocks/domain.go:136.67,139.2 2 0
github.com/quantmind-br/repodocs-go/tests/mocks/domain.go:142.61,147.2 4 0
github.com/quantmind-br/repodocs-go/tests/mocks/domain.go:150.69,153.2 2 0
github.com/quantmind-br/repodocs-go/tests/mocks/domain.go:156.124,162.2 5 0
github.com/quantmind-br/repodocs-go/tests/mocks/domain.go:165.87,168.2 2 0
github.com/quantmind-br/repodocs-go/tests/mocks/domain.go:183.61,187.2 3 0
github.com/quantmind-br/repodocs-go/tests/mocks/domain.go:190.59,192.2 1 0
github.com/quantmind-br/repodocs-go/tests/mocks/domain.go:195.38,200.2 4 0
github.com/quantmind-br/repodocs-go/tests/mocks/domain.go:203.58,206.2 2 0
github.com/quantmind-br/repodocs-go/tests/mocks/domain.go:209.107,215.2 5 0
github.com/quantmind-br/repodocs-go/tests/mocks/domain.go:218.77,221.2 2 0
github.com/quantmind-br/repodocs-go/tests/mocks/domain.go:236.55,240.2 3 0
github.com/quantmind-br/repodocs-go/tests/mocks/domain.go:243.53,245.2 1 0
github.com/quantmind-br/repodocs-go/tests/mocks/domain.go:248.35,253.2 4 0
github.com/quantmind-br/repodocs-go/tests/mocks/domain.go:256.55,259.2 2 0
github.com/quantmind-br/repodocs-go/tests/mocks/domain.go:262.67,267.2 4 0
github.com/quantmind-br/repodocs-go/tests/mocks/domain.go:270.68,273.2 2 0
github.com/quantmind-br/repodocs-go/tests/mocks/domain.go:276.74,282.2 5 0
github.com/quantmind-br/repodocs-go/tests/mocks/domain.go:285.65,288.2 2 0
github.com/quantmind-br/repodocs-go/tests/mocks/domain.go:291.63,296.2 4 0
github.com/quantmind-br/repodocs-go/tests/mocks/domain.go:299.65,302.2 2 0
github.com/quantmind-br/repodocs-go/tests/mocks/domain.go:305.97,310.2 4 0
github.com/quantmind-br/repodocs-go/tests/mocks/domain.go:313.77,316.2 2 0
github.com/quantmind-br/repodocs-go/tests/mocks/domain.go:331.63,335.2 3 0
github.com/quantmind-br/repodocs-go/tests/mocks/domain.go:338.61,340.2 1 0
github.com/quantmind-br/repodocs-go/tests/mocks/domain.go:343.104,349.2 5 0
github.com/quantmind-br/repodocs-go/tests/mocks/domain.go:352.85,355.2 2 0
github.com/quantmind-br/repodocs-go/tests/mocks/domain.go:370.57,374.2 3 0
github.com/quantmind-br/repodocs-go/tests/mocks/domain.go:377.55,379.2 1 0
github.com/quantmind-br/repodocs-go/tests/mocks/domain.go:382.77,387.2 4 0
github.com/quantmind-br/repodocs-go/tests/mocks/domain.go:390.68,393.2 2 0
github.com/quantmind-br/repodocs-go/tests/mocks/domain.go:401.44,405.2 1 0
github.com/quantmind-br/repodocs-go/tests/mocks/domain.go:408.80,410.9 2 0
github.com/quantmind-br/repodocs-go/tests/mocks/domain.go:410.9,412.3 1 0
github.com/quantmind-br/repodocs-go/tests/mocks/domain.go:413.2,413.19 1 0
github.com/quantmind-br/repodocs-go/tests/mocks/domain.go:417.103,420.2 2 0
github.com/quantmind-br/repodocs-go/tests/mocks/domain.go:423.69,426.2 2 0
github.com/quantmind-br/repodocs-go/tests/mocks/domain.go:429.73,432.2 2 0
github.com/quantmind-br/repodocs-go/tests/mocks/domain.go:435.41,438.2 2 0
github.com/quantmind-br/repodocs-go/tests/testutil/assertions.go:14.116,21.2 5 0
github.com/quantmind-br/repodocs-go/tests/testutil/assertions.go:24.90,29.2 3 0
github.com/quantmind-br/repodocs-go/tests/testutil/assertions.go:32.116,38.2 4 0
github.com/quantmind-br/repodocs-go/tests/testutil/assertions.go:41.104,46.2 3 0
github.com/quantmind-br/repodocs-go/tests/testutil/assertions.go:49.110,56.2 5 0
github.com/quantmind-br/repodocs-go/tests/testutil/assertions.go:59.89,64.2 3 0
github.com/quantmind-br/repodocs-go/tests/testutil/assertions.go:67.50,71.2 2 0
github.com/quantmind-br/repodocs-go/tests/testutil/assertions.go:74.53,78.2 2 0
github.com/quantmind-br/repodocs-go/tests/testutil/assertions.go:81.69,87.2 4 0
github.com/quantmind-br/repodocs-go/tests/testutil/assertions.go:90.67,96.2 4 0
github.com/quantmind-br/repodocs-go/tests/testutil/assertions.go:99.49,105.2 4 0
github.com/quantmind-br/repodocs-go/tests/testutil/assertions.go:108.88,111.19 2 0
github.com/quantmind-br/repodocs-go/tests/testutil/assertions.go:111.19,113.3 1 0
github.com/quantmind-br/repodocs-go/tests/testutil/assertions.go:115.2,117.115 3 0
github.com/quantmind-br/repodocs-go/tests/testutil/assertions.go:121.82,131.2 7 0
github.com/quantmind-br/repodocs-go/tests/testutil/assertions.go:134.35,137.2 2 0
github.com/quantmind-br/repodocs-go/tests/testutil/cache.go:14.48,23.19 4 0
github.com/quantmind-br/repodocs-go/tests/testutil/cache.go:23.19,25.3 1 0
github.com/quantmind-br/repodocs-go/tests/testutil/cache.go:27.2,27.10 1 0
github.com/quantmind-br/repodocs-go/tests/testutil/cache.go:31.97,41.2 2 0
github.com/quantmind-br/repodocs-go/tests/testutil/cache.go:44.88,54.2 2 0
github.com/quantmind-br/repodocs-go/tests/testutil/cache.go:57.84,63.2 4 0
github.com/quantmind-br/repodocs-go/tests/testutil/documents.go:13.49,32.2 2 0
github.com/quantmind-br/repodocs-go/tests/testutil/documents.go:35.85,54.2 2 0
github.com/quantmind-br/repodocs-go/tests/testutil/documents.go:57.86,76.2 2 0
github.com/quantmind-br/repodocs-go/tests/testutil/documents.go:79.54,98.2 2 0
github.com/quantmind-br/repodocs-go/tests/testutil/documents.go:101.98,110.2 7 0
github.com/quantmind-br/repodocs-go/tests/testutil/documents.go:113.73,117.32 3 0
github.com/quantmind-br/repodocs-go/tests/testutil/documents.go:117.32,119.3 1 0
github.com/quantmind-br/repodocs-go/tests/testutil/documents.go:121.2,137.3 1 0
github.com/quantmind-br/repodocs-go/tests/testutil/http.go:22.46,28.19 4 0
github.com/quantmind-br/repodocs-go/tests/testutil/http.go:28.19,30.3 1 0
github.com/quantmind-br/repodocs-go/tests/testutil/http.go:32.2,35.3 1 0
github.com/quantmind-br/repodocs-go/tests/testutil/http.go:39.83,42.2 2 0
github.com/quantmind-br/repodocs-go/tests/testutil/http.go:45.82,47.71 2 0
github.com/quantmind-br/repodocs-go/tests/testutil/http.go:47.71,51.3 3 0
github.com/quantmind-br/repodocs-go/tests/testutil/http.go:55.71,58.2 2 0
github.com/quantmind-br/repodocs-go/tests/testutil/http.go:61.79,63.71 2 0
github.com/quantmind-br/repodocs-go/tests/testutil/http.go:63.71,67.3 3 0
github.com/quantmind-br/repodocs-go/tests/testutil/http.go:71.60,73.71 2 0
github.com/quantmind-br/repodocs-go/tests/testutil/http.go:73.71,76.3 2 0
github.com/quantmind-br/repodocs-go/tests/testutil/http.go:80.60,82.71 2 0
github.com/quantmind-br/repodocs-go/tests/testutil/http.go:82.71,85.3 2 0
github.com/quantmind-br/repodocs-go/tests/testutil/http.go:89.84,98.2 1 0
github.com/quantmind-br/repodocs-go/tests/testutil/http.go:101.77,109.2 2 0
github.com/quantmind-br/repodocs-go/tests/testutil/http.go:112.74,116.2 3 0
github.com/quantmind-br/repodocs-go/tests/testutil/logger.go:11.50,21.2 3 0
github.com/quantmind-br/repodocs-go/tests/testutil/logger.go:24.38,27.2 2 0
github.com/quantmind-br/repodocs-go/tests/testutil/logger.go:30.53,41.2 3 0
github.com/quantmind-br/repodocs-go/tests/testutil/temp.go:12.35,18.19 4 0
github.com/quantmind-br/repodocs-go/tests/testutil/temp.go:18.19,20.3 1 0
github.com/quantmind-br/repodocs-go/tests/testutil/temp.go:22.2,22.15 1 0
github.com/quantmind-br/repodocs-go/tests/testutil/temp.go:26.54,32.19 4 0
github.com/quantmind-br/repodocs-go/tests/testutil/temp.go:32.19,34.3 1 0
github.com/quantmind-br/repodocs-go/tests/testutil/temp.go:36.2,36.15 1 0
github.com/quantmind-br/repodocs-go/tests/testutil/temp.go:40.73,51.2 7 0
github.com/quantmind-br/repodocs-go/tests/testutil/temp.go:54.50,60.19 4 0
github.com/quantmind-br/repodocs-go/tests/testutil/temp.go:60.19,62.3 1 0
github.com/quantmind-br/repodocs-go/tests/testutil/temp.go:64.2,64.13 1 0
github.com/quantmind-br/repodocs-go/tests/testutil/temp.go:68.60,78.2 6 0
